[31m2024-04-17 10:32:57,698[0;39m [32m[INFO][0;39m technical.review.spring.SpringDaoApplication restartedMain [32mStarting SpringDaoApplication using Java 1.8.0_292 on WPF45DE29 with PID 21760 (C:\DLTE-JavaFullStack-RakeshKumarS-2024\DLTE-Java\DLTE-Java-Technical-6\Spring-DAO\target\classes started by xxshetur in C:\DLTE-JavaFullStack-RakeshKumarS-2024\DLTE-Java\DLTE-Java-Technical-6\Spring-DAO)
[0;39m[31m2024-04-17 10:32:57,698[0;39m [32m[INFO][0;39m technical.review.spring.SpringDaoApplication restartedMain [32mNo active profile set, falling back to 1 default profile: "default"
[0;39m[31m2024-04-17 10:32:57,809[0;39m [32m[INFO][0;39m org.springframework.boot.devtools.restart.ChangeableUrls restartedMain [32mThe Class-Path manifest attribute in C:\Users\xxshetur\.m2\repository\com\oracle\database\security\oraclepki\21.5.0.0\oraclepki-21.5.0.0.jar referenced one or more files that do not exist: file:/C:/Users/xxshetur/.m2/repository/com/oracle/database/security/oraclepki/21.5.0.0/osdt_core.jar,file:/C:/Users/xxshetur/.m2/repository/com/oracle/database/security/oraclepki/21.5.0.0/osdt_cert.jar,file:/C:/Users/xxshetur/.m2/repository/com/oracle/database/security/oraclepki/oracle.osdt/osdt_core.jar,file:/C:/Users/xxshetur/.m2/repository/com/oracle/database/security/oraclepki/oracle.osdt/osdt_cert.jar
[0;39m[31m2024-04-17 10:32:57,809[0;39m [32m[INFO][0;39m org.springframework.boot.devtools.env.DevToolsPropertyDefaultsPostProcessor restartedMain [32mDevtools property defaults active! Set 'spring.devtools.add-properties' to 'false' to disable
[0;39m[31m2024-04-17 10:32:57,809[0;39m [32m[INFO][0;39m org.springframework.boot.devtools.env.DevToolsPropertyDefaultsPostProcessor restartedMain [32mFor additional web related logging consider setting the 'logging.level.web' property to 'DEBUG'
[0;39m[31m2024-04-17 10:32:58,865[0;39m [32m[INFO][0;39m org.springframework.data.repository.config.RepositoryConfigurationDelegate restartedMain [32mBootstrapping Spring Data JDBC repositories in DEFAULT mode.
[0;39m[31m2024-04-17 10:32:58,897[0;39m [32m[INFO][0;39m org.springframework.data.repository.config.RepositoryConfigurationDelegate restartedMain [32mFinished Spring Data repository scanning in 23 ms. Found 0 JDBC repository interfaces.
[0;39m[31m2024-04-17 10:32:59,714[0;39m [32m[INFO][0;39m org.springframework.boot.web.embedded.tomcat.TomcatWebServer restartedMain [32mTomcat initialized with port(s): 8082 (http)
[0;39m[31m2024-04-17 10:32:59,730[0;39m [32m[INFO][0;39m org.apache.catalina.core.StandardService restartedMain [32mStarting service [Tomcat]
[0;39m[31m2024-04-17 10:32:59,730[0;39m [32m[INFO][0;39m org.apache.catalina.core.StandardEngine restartedMain [32mStarting Servlet engine: [Apache Tomcat/9.0.73]
[0;39m[31m2024-04-17 10:32:59,950[0;39m [32m[INFO][0;39m org.apache.catalina.core.ContainerBase.[Tomcat].[localhost].[/] restartedMain [32mInitializing Spring embedded WebApplicationContext
[0;39m[31m2024-04-17 10:32:59,950[0;39m [32m[INFO][0;39m org.springframework.boot.web.servlet.context.ServletWebServerApplicationContext restartedMain [32mRoot WebApplicationContext: initialization completed in 2141 ms
[0;39m[31m2024-04-17 10:33:00,658[0;39m [32m[INFO][0;39m com.zaxxer.hikari.HikariDataSource restartedMain [32mHikariPool-1 - Starting...
[0;39m[31m2024-04-17 10:33:00,658[0;39m [32m[WARN][0;39m com.zaxxer.hikari.util.DriverDataSource restartedMain [32mRegistered driver with driverClassName=oracle.jdbc.driver.OracleDriver was not found, trying direct instantiation.
[0;39m[31m2024-04-17 10:33:00,752[0;39m [32m[INFO][0;39m com.zaxxer.hikari.pool.PoolBase restartedMain [32mHikariPool-1 - Driver does not support get/set network timeout for connections. (oracle.jdbc.driver.T4CConnection.getNetworkTimeout()I)
[0;39m[31m2024-04-17 10:33:00,815[0;39m [32m[INFO][0;39m com.zaxxer.hikari.HikariDataSource restartedMain [32mHikariPool-1 - Start completed.
[0;39m[31m2024-04-17 10:33:00,909[0;39m [32m[WARN][0;39m org.springframework.boot.devtools.autoconfigure.OptionalLiveReloadServer restartedMain [32mUnable to start LiveReload server
[0;39m[31m2024-04-17 10:33:00,946[0;39m [32m[INFO][0;39m org.springframework.boot.web.embedded.tomcat.TomcatWebServer restartedMain [32mTomcat started on port(s): 8082 (http) with context path ''
[0;39m[31m2024-04-17 10:33:00,957[0;39m [32m[INFO][0;39m technical.review.spring.SpringDaoApplication restartedMain [32mStarted SpringDaoApplication in 3.983 seconds (JVM running for 4.938)
[0;39m2024-04-17 11:21:47,104 [INFO] technical.review.spring.SpringDaoApplicationTests main Starting SpringDaoApplicationTests using Java 1.8.0_292 on WPF45DE29 with PID 24728 (started by xxshetur in C:\DLTE-JavaFullStack-RakeshKumarS-2024\DLTE-Java\DLTE-Java-Technical-6\Spring-DAO)
2024-04-17 11:21:47,104 [INFO] technical.review.spring.SpringDaoApplicationTests main No active profile set, falling back to 1 default profile: "default"
2024-04-17 11:21:47,608 [INFO] org.springframework.data.repository.config.RepositoryConfigurationDelegate main Bootstrapping Spring Data JDBC repositories in DEFAULT mode.
2024-04-17 11:21:47,625 [INFO] org.springframework.data.repository.config.RepositoryConfigurationDelegate main Finished Spring Data repository scanning in 10 ms. Found 0 JDBC repository interfaces.
2024-04-17 11:21:49,401 [INFO] com.zaxxer.hikari.HikariDataSource main HikariPool-1 - Starting...
2024-04-17 11:21:49,417 [WARN] com.zaxxer.hikari.util.DriverDataSource main Registered driver with driverClassName=oracle.jdbc.driver.OracleDriver was not found, trying direct instantiation.
2024-04-17 11:21:49,985 [INFO] com.zaxxer.hikari.pool.PoolBase main HikariPool-1 - Driver does not support get/set network timeout for connections. (oracle.jdbc.driver.T4CConnection.getNetworkTimeout()I)
2024-04-17 11:21:49,999 [INFO] com.zaxxer.hikari.HikariDataSource main HikariPool-1 - Start completed.
2024-04-17 11:21:50,298 [INFO] technical.review.spring.SpringDaoApplicationTests main Started SpringDaoApplicationTests in 3.436 seconds (JVM running for 4.275)
2024-04-17 11:21:50,742 [INFO] com.zaxxer.hikari.HikariDataSource SpringApplicationShutdownHook HikariPool-1 - Shutdown initiated...
2024-04-17 11:21:50,761 [INFO] com.zaxxer.hikari.HikariDataSource SpringApplicationShutdownHook HikariPool-1 - Shutdown completed.
2024-04-17 11:39:53,782 [INFO] technical.review.spring.SpringDaoApplicationTests main Starting SpringDaoApplicationTests using Java 1.8.0_292 on WPF45DE29 with PID 24712 (started by xxshetur in C:\DLTE-JavaFullStack-RakeshKumarS-2024\DLTE-Java\DLTE-Java-Technical-6\Spring-DAO)
2024-04-17 11:39:53,782 [INFO] technical.review.spring.SpringDaoApplicationTests main No active profile set, falling back to 1 default profile: "default"
2024-04-17 11:39:54,694 [INFO] org.springframework.data.repository.config.RepositoryConfigurationDelegate main Bootstrapping Spring Data JDBC repositories in DEFAULT mode.
2024-04-17 11:39:54,725 [INFO] org.springframework.data.repository.config.RepositoryConfigurationDelegate main Finished Spring Data repository scanning in 21 ms. Found 0 JDBC repository interfaces.
2024-04-17 11:39:56,641 [INFO] com.zaxxer.hikari.HikariDataSource main HikariPool-1 - Starting...
2024-04-17 11:39:56,641 [WARN] com.zaxxer.hikari.util.DriverDataSource main Registered driver with driverClassName=oracle.jdbc.driver.OracleDriver was not found, trying direct instantiation.
2024-04-17 11:39:57,161 [INFO] com.zaxxer.hikari.pool.PoolBase main HikariPool-1 - Driver does not support get/set network timeout for connections. (oracle.jdbc.driver.T4CConnection.getNetworkTimeout()I)
2024-04-17 11:39:57,177 [INFO] com.zaxxer.hikari.HikariDataSource main HikariPool-1 - Start completed.
2024-04-17 11:39:57,454 [INFO] technical.review.spring.SpringDaoApplicationTests main Started SpringDaoApplicationTests in 4.204 seconds (JVM running for 5.61)
2024-04-17 11:39:57,965 [INFO] com.zaxxer.hikari.HikariDataSource SpringApplicationShutdownHook HikariPool-1 - Shutdown initiated...
2024-04-17 11:39:57,982 [INFO] com.zaxxer.hikari.HikariDataSource SpringApplicationShutdownHook HikariPool-1 - Shutdown completed.
2024-04-17 11:42:27,750 [INFO] technical.review.spring.SpringDaoApplicationTests main Starting SpringDaoApplicationTests using Java 1.8.0_292 on WPF45DE29 with PID 8448 (started by xxshetur in C:\DLTE-JavaFullStack-RakeshKumarS-2024\DLTE-Java\DLTE-Java-Technical-6\Spring-DAO)
2024-04-17 11:42:27,750 [INFO] technical.review.spring.SpringDaoApplicationTests main No active profile set, falling back to 1 default profile: "default"
2024-04-17 11:42:28,542 [INFO] org.springframework.data.repository.config.RepositoryConfigurationDelegate main Bootstrapping Spring Data JDBC repositories in DEFAULT mode.
2024-04-17 11:42:28,560 [INFO] org.springframework.data.repository.config.RepositoryConfigurationDelegate main Finished Spring Data repository scanning in 11 ms. Found 0 JDBC repository interfaces.
2024-04-17 11:42:30,396 [INFO] com.zaxxer.hikari.HikariDataSource main HikariPool-1 - Starting...
2024-04-17 11:42:30,406 [WARN] com.zaxxer.hikari.util.DriverDataSource main Registered driver with driverClassName=oracle.jdbc.driver.OracleDriver was not found, trying direct instantiation.
2024-04-17 11:42:31,021 [INFO] com.zaxxer.hikari.pool.PoolBase main HikariPool-1 - Driver does not support get/set network timeout for connections. (oracle.jdbc.driver.T4CConnection.getNetworkTimeout()I)
2024-04-17 11:42:31,036 [INFO] com.zaxxer.hikari.HikariDataSource main HikariPool-1 - Start completed.
2024-04-17 11:42:31,319 [INFO] technical.review.spring.SpringDaoApplicationTests main Started SpringDaoApplicationTests in 4.123 seconds (JVM running for 5.698)
2024-04-17 11:42:31,840 [INFO] com.zaxxer.hikari.HikariDataSource SpringApplicationShutdownHook HikariPool-1 - Shutdown initiated...
2024-04-17 11:42:31,855 [INFO] com.zaxxer.hikari.HikariDataSource SpringApplicationShutdownHook HikariPool-1 - Shutdown completed.
