[31m2024-04-22 06:45:19,163[0;39m [32m[INFO][0;39m com.example.backend.BackendApplication restartedMain [32mStarting BackendApplication using Java 1.8.0_292 on WPF45DE29 with PID 13788 (C:\DLTE-JavaFullStack-RakeshKumarS-2024\DLTE-FINAL-PROJECT\DLTE-PROJECT-BACKEND\target\classes started by xxshetur in C:\DLTE-JavaFullStack-RakeshKumarS-2024\DLTE-FINAL-PROJECT\DLTE-PROJECT-BACKEND)
[0;39m[31m2024-04-22 06:45:19,163[0;39m [32m[INFO][0;39m com.example.backend.BackendApplication restartedMain [32mNo active profile set, falling back to 1 default profile: "default"
[0;39m[31m2024-04-22 06:45:19,337[0;39m [32m[INFO][0;39m org.springframework.boot.devtools.restart.ChangeableUrls restartedMain [32mThe Class-Path manifest attribute in C:\Users\xxshetur\.m2\repository\com\oracle\database\security\oraclepki\21.5.0.0\oraclepki-21.5.0.0.jar referenced one or more files that do not exist: file:/C:/Users/xxshetur/.m2/repository/com/oracle/database/security/oraclepki/21.5.0.0/osdt_core.jar,file:/C:/Users/xxshetur/.m2/repository/com/oracle/database/security/oraclepki/21.5.0.0/osdt_cert.jar,file:/C:/Users/xxshetur/.m2/repository/com/oracle/database/security/oraclepki/oracle.osdt/osdt_core.jar,file:/C:/Users/xxshetur/.m2/repository/com/oracle/database/security/oraclepki/oracle.osdt/osdt_cert.jar
[0;39m[31m2024-04-22 06:45:19,343[0;39m [32m[INFO][0;39m org.springframework.boot.devtools.env.DevToolsPropertyDefaultsPostProcessor restartedMain [32mDevtools property defaults active! Set 'spring.devtools.add-properties' to 'false' to disable
[0;39m[31m2024-04-22 06:45:19,343[0;39m [32m[INFO][0;39m org.springframework.boot.devtools.env.DevToolsPropertyDefaultsPostProcessor restartedMain [32mFor additional web related logging consider setting the 'logging.level.web' property to 'DEBUG'
[0;39m[31m2024-04-22 06:45:20,747[0;39m [32m[INFO][0;39m org.springframework.data.repository.config.RepositoryConfigurationDelegate restartedMain [32mBootstrapping Spring Data JDBC repositories in DEFAULT mode.
[0;39m[31m2024-04-22 06:45:20,763[0;39m [32m[INFO][0;39m org.springframework.data.repository.config.RepositoryConfigurationDelegate restartedMain [32mFinished Spring Data repository scanning in 15 ms. Found 0 JDBC repository interfaces.
[0;39m[31m2024-04-22 06:45:21,265[0;39m [32m[INFO][0;39m org.springframework.context.support.PostProcessorRegistrationDelegate$BeanPostProcessorChecker restartedMain [32mBean 'soapServiceConfiguration' of type [com.example.backend.soap.services.SoapServiceConfiguration$$EnhancerBySpringCGLIB$$4c5f01ae] is not eligible for getting processed by all BeanPostProcessors (for example: not eligible for auto-proxying)
[0;39m[31m2024-04-22 06:45:21,265[0;39m [32m[INFO][0;39m org.springframework.context.support.PostProcessorRegistrationDelegate$BeanPostProcessorChecker restartedMain [32mBean 'org.springframework.ws.config.annotation.DelegatingWsConfiguration' of type [org.springframework.ws.config.annotation.DelegatingWsConfiguration$$EnhancerBySpringCGLIB$$5de9b7a4] is not eligible for getting processed by all BeanPostProcessors (for example: not eligible for auto-proxying)
[0;39m[31m2024-04-22 06:45:21,422[0;39m [32m[INFO][0;39m org.springframework.ws.soap.addressing.server.AnnotationActionEndpointMapping restartedMain [32mSupporting [WS-Addressing August 2004, WS-Addressing 1.0]
[0;39m[31m2024-04-22 06:45:21,957[0;39m [32m[INFO][0;39m org.springframework.boot.web.embedded.tomcat.TomcatWebServer restartedMain [32mTomcat initialized with port(s): 8082 (http)
[0;39m[31m2024-04-22 06:45:21,974[0;39m [32m[INFO][0;39m org.apache.catalina.core.StandardService restartedMain [32mStarting service [Tomcat]
[0;39m[31m2024-04-22 06:45:21,974[0;39m [32m[INFO][0;39m org.apache.catalina.core.StandardEngine restartedMain [32mStarting Servlet engine: [Apache Tomcat/9.0.73]
[0;39m[31m2024-04-22 06:45:22,162[0;39m [32m[INFO][0;39m org.apache.catalina.core.ContainerBase.[Tomcat].[localhost].[/] restartedMain [32mInitializing Spring embedded WebApplicationContext
[0;39m[31m2024-04-22 06:45:22,162[0;39m [32m[INFO][0;39m org.springframework.boot.web.servlet.context.ServletWebServerApplicationContext restartedMain [32mRoot WebApplicationContext: initialization completed in 2819 ms
[0;39m[31m2024-04-22 06:45:22,556[0;39m [32m[INFO][0;39m org.springframework.security.web.DefaultSecurityFilterChain restartedMain [32mWill secure any request with [org.springframework.security.web.session.DisableEncodeUrlFilter@77f13e48, org.springframework.security.web.context.request.async.WebAsyncManagerIntegrationFilter@74940dd0, org.springframework.security.web.context.SecurityContextPersistenceFilter@501c886d, org.springframework.security.web.header.HeaderWriterFilter@3382e160, org.springframework.web.filter.CorsFilter@53e478dc, org.springframework.security.web.authentication.logout.LogoutFilter@6e02f870, org.springframework.security.web.authentication.UsernamePasswordAuthenticationFilter@6a0db256, org.springframework.security.web.authentication.ui.DefaultLoginPageGeneratingFilter@6604ff8c, org.springframework.security.web.authentication.ui.DefaultLogoutPageGeneratingFilter@6272b672, org.springframework.security.web.authentication.www.BasicAuthenticationFilter@1fde4250, org.springframework.security.web.savedrequest.RequestCacheAwareFilter@2b0146a3, org.springframework.security.web.servletapi.SecurityContextHolderAwareRequestFilter@64d31a8d, org.springframework.security.web.authentication.AnonymousAuthenticationFilter@1c0fc70a, org.springframework.security.web.session.SessionManagementFilter@10a92efe, org.springframework.security.web.access.ExceptionTranslationFilter@1a746046, org.springframework.security.web.access.intercept.FilterSecurityInterceptor@17bbdd85]
[0;39m[31m2024-04-22 06:45:23,752[0;39m [32m[INFO][0;39m com.zaxxer.hikari.HikariDataSource restartedMain [32mHikariPool-1 - Starting...
[0;39m[31m2024-04-22 06:45:23,752[0;39m [32m[WARN][0;39m com.zaxxer.hikari.util.DriverDataSource restartedMain [32mRegistered driver with driverClassName=oracle.jdbc.driver.OracleDriver was not found, trying direct instantiation.
[0;39m[31m2024-04-22 06:45:24,020[0;39m [32m[INFO][0;39m com.zaxxer.hikari.pool.PoolBase restartedMain [32mHikariPool-1 - Driver does not support get/set network timeout for connections. (oracle.jdbc.driver.T4CConnection.getNetworkTimeout()I)
[0;39m[31m2024-04-22 06:45:24,036[0;39m [32m[INFO][0;39m com.zaxxer.hikari.HikariDataSource restartedMain [32mHikariPool-1 - Start completed.
[0;39m[31m2024-04-22 06:45:24,540[0;39m [32m[INFO][0;39m org.springframework.boot.devtools.autoconfigure.OptionalLiveReloadServer restartedMain [32mLiveReload server is running on port 35729
[0;39m[31m2024-04-22 06:45:24,681[0;39m [32m[INFO][0;39m org.springframework.boot.web.embedded.tomcat.TomcatWebServer restartedMain [32mTomcat started on port(s): 8082 (http) with context path ''
[0;39m[31m2024-04-22 06:45:24,712[0;39m [32m[INFO][0;39m com.example.backend.BackendApplication restartedMain [32mStarted BackendApplication in 6.72 seconds (JVM running for 8.86)
[0;39m[31m2024-04-22 06:48:30,554[0;39m [32m[INFO][0;39m org.apache.catalina.core.ContainerBase.[Tomcat].[localhost].[/] http-nio-8082-exec-1 [32mInitializing Spring DispatcherServlet 'dispatcherServlet'
[0;39m[31m2024-04-22 06:48:30,554[0;39m [32m[INFO][0;39m org.springframework.web.servlet.DispatcherServlet http-nio-8082-exec-1 [32mInitializing Servlet 'dispatcherServlet'
[0;39m[31m2024-04-22 06:48:30,554[0;39m [32m[INFO][0;39m org.springframework.web.servlet.DispatcherServlet http-nio-8082-exec-1 [32mCompleted initialization in 0 ms
[0;39m[31m2024-04-22 06:48:45,738[0;39m [32m[INFO][0;39m org.apache.catalina.core.ContainerBase.[Tomcat].[localhost].[/] http-nio-8082-exec-2 [32mInitializing Spring MessageDispatcherServlet 'messageDispatcherServlet'
[0;39m[31m2024-04-22 06:48:45,738[0;39m [32m[INFO][0;39m org.springframework.ws.transport.http.MessageDispatcherServlet http-nio-8082-exec-2 [32mInitializing Servlet 'messageDispatcherServlet'
[0;39m[31m2024-04-22 06:48:45,755[0;39m [32m[INFO][0;39m org.springframework.ws.soap.saaj.SaajSoapMessageFactory http-nio-8082-exec-2 [32mCreating SAAJ 1.3 MessageFactory with SOAP 1.1 Protocol
[0;39m[31m2024-04-22 06:48:45,806[0;39m [32m[INFO][0;39m org.springframework.ws.transport.http.MessageDispatcherServlet http-nio-8082-exec-2 [32mCompleted initialization in 68 ms
[0;39m[31m2024-04-22 06:48:47,399[0;39m [32m[INFO][0;39m com.example.backend.soap.services.SoapPhase http-nio-8082-exec-3 [32msuccess.fetch
[0;39m[31m2024-04-22 07:00:23,305[0;39m [32m[INFO][0;39m com.example.backend.soap.services.SoapPhase http-nio-8082-exec-9 [32msuccess.fetch
[0;39m[31m2024-04-22 07:04:35,851[0;39m [32m[INFO][0;39m com.example.backend.soap.services.SoapPhase http-nio-8082-exec-1 [32msuccess.fetch
[0;39m[31m2024-04-22 09:46:22,565[0;39m [32m[INFO][0;39m com.example.backend.BackendApplication restartedMain [32mStarting BackendApplication using Java 1.8.0_292 on WPF45DE29 with PID 23628 (C:\DLTE-JavaFullStack-RakeshKumarS-2024\DLTE-FINAL-PROJECT\DLTE-PROJECT-BACKEND\target\classes started by xxshetur in C:\DLTE-JavaFullStack-RakeshKumarS-2024\DLTE-FINAL-PROJECT\DLTE-PROJECT-BACKEND)
[0;39m[31m2024-04-22 09:46:22,565[0;39m [32m[INFO][0;39m com.example.backend.BackendApplication restartedMain [32mNo active profile set, falling back to 1 default profile: "default"
[0;39m[31m2024-04-22 09:46:22,628[0;39m [32m[INFO][0;39m org.springframework.boot.devtools.restart.ChangeableUrls restartedMain [32mThe Class-Path manifest attribute in C:\Users\xxshetur\.m2\repository\com\oracle\database\security\oraclepki\21.5.0.0\oraclepki-21.5.0.0.jar referenced one or more files that do not exist: file:/C:/Users/xxshetur/.m2/repository/com/oracle/database/security/oraclepki/21.5.0.0/osdt_core.jar,file:/C:/Users/xxshetur/.m2/repository/com/oracle/database/security/oraclepki/21.5.0.0/osdt_cert.jar,file:/C:/Users/xxshetur/.m2/repository/com/oracle/database/security/oraclepki/oracle.osdt/osdt_core.jar,file:/C:/Users/xxshetur/.m2/repository/com/oracle/database/security/oraclepki/oracle.osdt/osdt_cert.jar
[0;39m[31m2024-04-22 09:46:22,628[0;39m [32m[INFO][0;39m org.springframework.boot.devtools.env.DevToolsPropertyDefaultsPostProcessor restartedMain [32mDevtools property defaults active! Set 'spring.devtools.add-properties' to 'false' to disable
[0;39m[31m2024-04-22 09:46:22,628[0;39m [32m[INFO][0;39m org.springframework.boot.devtools.env.DevToolsPropertyDefaultsPostProcessor restartedMain [32mFor additional web related logging consider setting the 'logging.level.web' property to 'DEBUG'
[0;39m[31m2024-04-22 09:46:24,044[0;39m [32m[INFO][0;39m org.springframework.data.repository.config.RepositoryConfigurationDelegate restartedMain [32mBootstrapping Spring Data JDBC repositories in DEFAULT mode.
[0;39m[31m2024-04-22 09:46:24,060[0;39m [32m[INFO][0;39m org.springframework.data.repository.config.RepositoryConfigurationDelegate restartedMain [32mFinished Spring Data repository scanning in 10 ms. Found 0 JDBC repository interfaces.
[0;39m[31m2024-04-22 09:46:24,455[0;39m [32m[INFO][0;39m org.springframework.context.support.PostProcessorRegistrationDelegate$BeanPostProcessorChecker restartedMain [32mBean 'soapServiceConfiguration' of type [com.example.backend.soap.services.SoapServiceConfiguration$$EnhancerBySpringCGLIB$$65adea85] is not eligible for getting processed by all BeanPostProcessors (for example: not eligible for auto-proxying)
[0;39m[31m2024-04-22 09:46:24,455[0;39m [32m[INFO][0;39m org.springframework.context.support.PostProcessorRegistrationDelegate$BeanPostProcessorChecker restartedMain [32mBean 'org.springframework.ws.config.annotation.DelegatingWsConfiguration' of type [org.springframework.ws.config.annotation.DelegatingWsConfiguration$$EnhancerBySpringCGLIB$$7738a07b] is not eligible for getting processed by all BeanPostProcessors (for example: not eligible for auto-proxying)
[0;39m[31m2024-04-22 09:46:24,533[0;39m [32m[INFO][0;39m org.springframework.ws.soap.addressing.server.AnnotationActionEndpointMapping restartedMain [32mSupporting [WS-Addressing August 2004, WS-Addressing 1.0]
[0;39m[31m2024-04-22 09:46:24,990[0;39m [32m[INFO][0;39m org.springframework.boot.web.embedded.tomcat.TomcatWebServer restartedMain [32mTomcat initialized with port(s): 8082 (http)
[0;39m[31m2024-04-22 09:46:25,005[0;39m [32m[INFO][0;39m org.apache.catalina.core.StandardService restartedMain [32mStarting service [Tomcat]
[0;39m[31m2024-04-22 09:46:25,005[0;39m [32m[INFO][0;39m org.apache.catalina.core.StandardEngine restartedMain [32mStarting Servlet engine: [Apache Tomcat/9.0.73]
[0;39m[31m2024-04-22 09:46:25,227[0;39m [32m[INFO][0;39m org.apache.catalina.core.ContainerBase.[Tomcat].[localhost].[/] restartedMain [32mInitializing Spring embedded WebApplicationContext
[0;39m[31m2024-04-22 09:46:25,227[0;39m [32m[INFO][0;39m org.springframework.boot.web.servlet.context.ServletWebServerApplicationContext restartedMain [32mRoot WebApplicationContext: initialization completed in 2599 ms
[0;39m[31m2024-04-22 09:46:25,574[0;39m [32m[INFO][0;39m org.springframework.security.web.DefaultSecurityFilterChain restartedMain [32mWill secure any request with [org.springframework.security.web.session.DisableEncodeUrlFilter@7839aa81, org.springframework.security.web.context.request.async.WebAsyncManagerIntegrationFilter@5c3782c4, org.springframework.security.web.context.SecurityContextPersistenceFilter@37a9ae42, org.springframework.security.web.header.HeaderWriterFilter@69b49c22, org.springframework.web.filter.CorsFilter@4348454e, org.springframework.security.web.authentication.logout.LogoutFilter@281acb68, org.springframework.security.web.authentication.UsernamePasswordAuthenticationFilter@4734ad1a, org.springframework.security.web.authentication.ui.DefaultLoginPageGeneratingFilter@108539b, org.springframework.security.web.authentication.ui.DefaultLogoutPageGeneratingFilter@49dd2f64, org.springframework.security.web.authentication.www.BasicAuthenticationFilter@662ba84a, org.springframework.security.web.savedrequest.RequestCacheAwareFilter@5f3650bc, org.springframework.security.web.servletapi.SecurityContextHolderAwareRequestFilter@5412f762, org.springframework.security.web.authentication.AnonymousAuthenticationFilter@7c05f97c, org.springframework.security.web.session.SessionManagementFilter@2e39960c, org.springframework.security.web.access.ExceptionTranslationFilter@523fe880, org.springframework.security.web.access.intercept.FilterSecurityInterceptor@2cd2b17e]
[0;39m[31m2024-04-22 09:46:26,648[0;39m [32m[INFO][0;39m com.zaxxer.hikari.HikariDataSource restartedMain [32mHikariPool-1 - Starting...
[0;39m[31m2024-04-22 09:46:26,648[0;39m [32m[WARN][0;39m com.zaxxer.hikari.util.DriverDataSource restartedMain [32mRegistered driver with driverClassName=oracle.jdbc.driver.OracleDriver was not found, trying direct instantiation.
[0;39m[31m2024-04-22 09:46:26,774[0;39m [32m[INFO][0;39m com.zaxxer.hikari.pool.PoolBase restartedMain [32mHikariPool-1 - Driver does not support get/set network timeout for connections. (oracle.jdbc.driver.T4CConnection.getNetworkTimeout()I)
[0;39m[31m2024-04-22 09:46:26,774[0;39m [32m[INFO][0;39m com.zaxxer.hikari.HikariDataSource restartedMain [32mHikariPool-1 - Start completed.
[0;39m[31m2024-04-22 09:46:26,932[0;39m [32m[INFO][0;39m org.springframework.boot.devtools.autoconfigure.OptionalLiveReloadServer restartedMain [32mLiveReload server is running on port 35729
[0;39m[31m2024-04-22 09:46:26,995[0;39m [32m[INFO][0;39m org.springframework.boot.web.embedded.tomcat.TomcatWebServer restartedMain [32mTomcat started on port(s): 8082 (http) with context path ''
[0;39m[31m2024-04-22 09:46:27,011[0;39m [32m[INFO][0;39m com.example.backend.BackendApplication restartedMain [32mStarted BackendApplication in 5.289 seconds (JVM running for 6.727)
[0;39m[31m2024-04-22 09:46:38,460[0;39m [32m[INFO][0;39m org.apache.catalina.core.ContainerBase.[Tomcat].[localhost].[/] http-nio-8082-exec-1 [32mInitializing Spring MessageDispatcherServlet 'messageDispatcherServlet'
[0;39m[31m2024-04-22 09:46:38,460[0;39m [32m[INFO][0;39m org.springframework.ws.transport.http.MessageDispatcherServlet http-nio-8082-exec-1 [32mInitializing Servlet 'messageDispatcherServlet'
[0;39m[31m2024-04-22 09:46:38,472[0;39m [32m[INFO][0;39m org.springframework.ws.soap.saaj.SaajSoapMessageFactory http-nio-8082-exec-1 [32mCreating SAAJ 1.3 MessageFactory with SOAP 1.1 Protocol
[0;39m[31m2024-04-22 09:46:38,502[0;39m [32m[INFO][0;39m org.springframework.ws.transport.http.MessageDispatcherServlet http-nio-8082-exec-1 [32mCompleted initialization in 42 ms
[0;39m[31m2024-04-22 09:46:38,620[0;39m [32m[INFO][0;39m org.apache.catalina.core.ContainerBase.[Tomcat].[localhost].[/] http-nio-8082-exec-2 [32mInitializing Spring DispatcherServlet 'dispatcherServlet'
[0;39m[31m2024-04-22 09:46:38,621[0;39m [32m[INFO][0;39m org.springframework.web.servlet.DispatcherServlet http-nio-8082-exec-2 [32mInitializing Servlet 'dispatcherServlet'
[0;39m[31m2024-04-22 09:46:38,622[0;39m [32m[INFO][0;39m org.springframework.web.servlet.DispatcherServlet http-nio-8082-exec-2 [32mCompleted initialization in 1 ms
[0;39m[31m2024-04-22 11:49:16,216[0;39m [32m[INFO][0;39m com.example.backend.BackendApplication restartedMain [32mStarting BackendApplication using Java 1.8.0_292 on WPF45DE29 with PID 26544 (C:\DLTE-JavaFullStack-RakeshKumarS-2024\DLTE-FINAL-PROJECT\DLTE-PROJECT-BACKEND\target\classes started by xxshetur in C:\DLTE-JavaFullStack-RakeshKumarS-2024\DLTE-FINAL-PROJECT\DLTE-PROJECT-BACKEND)
[0;39m[31m2024-04-22 11:49:16,219[0;39m [32m[INFO][0;39m com.example.backend.BackendApplication restartedMain [32mNo active profile set, falling back to 1 default profile: "default"
[0;39m[31m2024-04-22 11:49:16,339[0;39m [32m[INFO][0;39m org.springframework.boot.devtools.restart.ChangeableUrls restartedMain [32mThe Class-Path manifest attribute in C:\Users\xxshetur\.m2\repository\com\oracle\database\security\oraclepki\21.5.0.0\oraclepki-21.5.0.0.jar referenced one or more files that do not exist: file:/C:/Users/xxshetur/.m2/repository/com/oracle/database/security/oraclepki/21.5.0.0/osdt_core.jar,file:/C:/Users/xxshetur/.m2/repository/com/oracle/database/security/oraclepki/21.5.0.0/osdt_cert.jar,file:/C:/Users/xxshetur/.m2/repository/com/oracle/database/security/oraclepki/oracle.osdt/osdt_core.jar,file:/C:/Users/xxshetur/.m2/repository/com/oracle/database/security/oraclepki/oracle.osdt/osdt_cert.jar
[0;39m[31m2024-04-22 11:49:16,340[0;39m [32m[INFO][0;39m org.springframework.boot.devtools.env.DevToolsPropertyDefaultsPostProcessor restartedMain [32mDevtools property defaults active! Set 'spring.devtools.add-properties' to 'false' to disable
[0;39m[31m2024-04-22 11:49:16,341[0;39m [32m[INFO][0;39m org.springframework.boot.devtools.env.DevToolsPropertyDefaultsPostProcessor restartedMain [32mFor additional web related logging consider setting the 'logging.level.web' property to 'DEBUG'
[0;39m[31m2024-04-22 11:49:17,597[0;39m [32m[INFO][0;39m org.springframework.data.repository.config.RepositoryConfigurationDelegate restartedMain [32mBootstrapping Spring Data JDBC repositories in DEFAULT mode.
[0;39m[31m2024-04-22 11:49:17,615[0;39m [32m[INFO][0;39m org.springframework.data.repository.config.RepositoryConfigurationDelegate restartedMain [32mFinished Spring Data repository scanning in 14 ms. Found 0 JDBC repository interfaces.
[0;39m[31m2024-04-22 11:49:17,922[0;39m [32m[INFO][0;39m org.springframework.context.support.PostProcessorRegistrationDelegate$BeanPostProcessorChecker restartedMain [32mBean 'soapServiceConfiguration' of type [com.example.backend.soap.services.SoapServiceConfiguration$$EnhancerBySpringCGLIB$$9297417] is not eligible for getting processed by all BeanPostProcessors (for example: not eligible for auto-proxying)
[0;39m[31m2024-04-22 11:49:17,923[0;39m [32m[INFO][0;39m org.springframework.context.support.PostProcessorRegistrationDelegate$BeanPostProcessorChecker restartedMain [32mBean 'org.springframework.ws.config.annotation.DelegatingWsConfiguration' of type [org.springframework.ws.config.annotation.DelegatingWsConfiguration$$EnhancerBySpringCGLIB$$1ab42a0d] is not eligible for getting processed by all BeanPostProcessors (for example: not eligible for auto-proxying)
[0;39m[31m2024-04-22 11:49:17,986[0;39m [32m[INFO][0;39m org.springframework.ws.soap.addressing.server.AnnotationActionEndpointMapping restartedMain [32mSupporting [WS-Addressing August 2004, WS-Addressing 1.0]
[0;39m[31m2024-04-22 11:49:18,401[0;39m [32m[INFO][0;39m org.springframework.boot.web.embedded.tomcat.TomcatWebServer restartedMain [32mTomcat initialized with port(s): 8082 (http)
[0;39m[31m2024-04-22 11:49:18,410[0;39m [32m[INFO][0;39m org.apache.catalina.core.StandardService restartedMain [32mStarting service [Tomcat]
[0;39m[31m2024-04-22 11:49:18,410[0;39m [32m[INFO][0;39m org.apache.catalina.core.StandardEngine restartedMain [32mStarting Servlet engine: [Apache Tomcat/9.0.73]
[0;39m[31m2024-04-22 11:49:18,710[0;39m [32m[INFO][0;39m org.apache.catalina.core.ContainerBase.[Tomcat].[localhost].[/] restartedMain [32mInitializing Spring embedded WebApplicationContext
[0;39m[31m2024-04-22 11:49:18,711[0;39m [32m[INFO][0;39m org.springframework.boot.web.servlet.context.ServletWebServerApplicationContext restartedMain [32mRoot WebApplicationContext: initialization completed in 2366 ms
[0;39m[31m2024-04-22 11:49:19,048[0;39m [32m[INFO][0;39m org.springframework.security.web.DefaultSecurityFilterChain restartedMain [32mWill secure any request with [org.springframework.security.web.session.DisableEncodeUrlFilter@2e36493f, org.springframework.security.web.context.request.async.WebAsyncManagerIntegrationFilter@781d21d4, org.springframework.security.web.context.SecurityContextPersistenceFilter@581ca8b8, org.springframework.security.web.header.HeaderWriterFilter@66c4a576, org.springframework.web.filter.CorsFilter@7f314a99, org.springframework.security.web.authentication.logout.LogoutFilter@13d73fa1, org.springframework.security.web.authentication.UsernamePasswordAuthenticationFilter@2571e91d, org.springframework.security.web.authentication.ui.DefaultLoginPageGeneratingFilter@6598993d, org.springframework.security.web.authentication.ui.DefaultLogoutPageGeneratingFilter@2b74b422, org.springframework.security.web.authentication.www.BasicAuthenticationFilter@6e8a23bf, org.springframework.security.web.savedrequest.RequestCacheAwareFilter@6066f334, org.springframework.security.web.servletapi.SecurityContextHolderAwareRequestFilter@4426d5c4, org.springframework.security.web.authentication.AnonymousAuthenticationFilter@37976fc2, org.springframework.security.web.session.SessionManagementFilter@6a0b792e, org.springframework.security.web.access.ExceptionTranslationFilter@16a3b3f6, org.springframework.security.web.access.intercept.FilterSecurityInterceptor@1e50cc6b]
[0;39m[31m2024-04-22 11:49:20,098[0;39m [32m[INFO][0;39m com.zaxxer.hikari.HikariDataSource restartedMain [32mHikariPool-1 - Starting...
[0;39m[31m2024-04-22 11:49:20,100[0;39m [32m[WARN][0;39m com.zaxxer.hikari.util.DriverDataSource restartedMain [32mRegistered driver with driverClassName=oracle.jdbc.driver.OracleDriver was not found, trying direct instantiation.
[0;39m[31m2024-04-22 11:49:20,248[0;39m [32m[INFO][0;39m com.zaxxer.hikari.pool.PoolBase restartedMain [32mHikariPool-1 - Driver does not support get/set network timeout for connections. (oracle.jdbc.driver.T4CConnection.getNetworkTimeout()I)
[0;39m[31m2024-04-22 11:49:20,254[0;39m [32m[INFO][0;39m com.zaxxer.hikari.HikariDataSource restartedMain [32mHikariPool-1 - Start completed.
[0;39m[31m2024-04-22 11:49:20,446[0;39m [32m[INFO][0;39m org.springframework.boot.devtools.autoconfigure.OptionalLiveReloadServer restartedMain [32mLiveReload server is running on port 35729
[0;39m[31m2024-04-22 11:49:20,499[0;39m [32m[INFO][0;39m org.springframework.boot.web.embedded.tomcat.TomcatWebServer restartedMain [32mTomcat started on port(s): 8082 (http) with context path ''
[0;39m[31m2024-04-22 11:49:20,517[0;39m [32m[INFO][0;39m com.example.backend.BackendApplication restartedMain [32mStarted BackendApplication in 5.052 seconds (JVM running for 6.011)
[0;39m[31m2024-04-22 11:49:35,507[0;39m [32m[INFO][0;39m org.apache.catalina.core.ContainerBase.[Tomcat].[localhost].[/] http-nio-8082-exec-1 [32mInitializing Spring MessageDispatcherServlet 'messageDispatcherServlet'
[0;39m[31m2024-04-22 11:49:35,508[0;39m [32m[INFO][0;39m org.springframework.ws.transport.http.MessageDispatcherServlet http-nio-8082-exec-1 [32mInitializing Servlet 'messageDispatcherServlet'
[0;39m[31m2024-04-22 11:49:35,512[0;39m [32m[INFO][0;39m org.springframework.ws.soap.saaj.SaajSoapMessageFactory http-nio-8082-exec-1 [32mCreating SAAJ 1.3 MessageFactory with SOAP 1.1 Protocol
[0;39m[31m2024-04-22 11:49:35,532[0;39m [32m[INFO][0;39m org.springframework.ws.transport.http.MessageDispatcherServlet http-nio-8082-exec-1 [32mCompleted initialization in 24 ms
[0;39m[31m2024-04-22 11:49:35,608[0;39m [32m[INFO][0;39m org.apache.catalina.core.ContainerBase.[Tomcat].[localhost].[/] http-nio-8082-exec-2 [32mInitializing Spring DispatcherServlet 'dispatcherServlet'
[0;39m[31m2024-04-22 11:49:35,608[0;39m [32m[INFO][0;39m org.springframework.web.servlet.DispatcherServlet http-nio-8082-exec-2 [32mInitializing Servlet 'dispatcherServlet'
[0;39m[31m2024-04-22 11:49:35,610[0;39m [32m[INFO][0;39m org.springframework.web.servlet.DispatcherServlet http-nio-8082-exec-2 [32mCompleted initialization in 2 ms
[0;39m[31m2024-04-22 12:13:00,305[0;39m [32m[INFO][0;39m com.example.backend.BackendApplication restartedMain [32mStarting BackendApplication using Java 1.8.0_292 on WPF45DE29 with PID 14508 (C:\DLTE-JavaFullStack-RakeshKumarS-2024\DLTE-FINAL-PROJECT\DLTE-PROJECT-BACKEND\target\classes started by xxshetur in C:\DLTE-JavaFullStack-RakeshKumarS-2024\DLTE-FINAL-PROJECT\DLTE-PROJECT-BACKEND)
[0;39m[31m2024-04-22 12:13:00,321[0;39m [32m[INFO][0;39m com.example.backend.BackendApplication restartedMain [32mNo active profile set, falling back to 1 default profile: "default"
[0;39m[31m2024-04-22 12:13:00,374[0;39m [32m[INFO][0;39m org.springframework.boot.devtools.restart.ChangeableUrls restartedMain [32mThe Class-Path manifest attribute in C:\Users\xxshetur\.m2\repository\com\oracle\database\security\oraclepki\21.5.0.0\oraclepki-21.5.0.0.jar referenced one or more files that do not exist: file:/C:/Users/xxshetur/.m2/repository/com/oracle/database/security/oraclepki/21.5.0.0/osdt_core.jar,file:/C:/Users/xxshetur/.m2/repository/com/oracle/database/security/oraclepki/21.5.0.0/osdt_cert.jar,file:/C:/Users/xxshetur/.m2/repository/com/oracle/database/security/oraclepki/oracle.osdt/osdt_core.jar,file:/C:/Users/xxshetur/.m2/repository/com/oracle/database/security/oraclepki/oracle.osdt/osdt_cert.jar
[0;39m[31m2024-04-22 12:13:00,375[0;39m [32m[INFO][0;39m org.springframework.boot.devtools.env.DevToolsPropertyDefaultsPostProcessor restartedMain [32mDevtools property defaults active! Set 'spring.devtools.add-properties' to 'false' to disable
[0;39m[31m2024-04-22 12:13:00,375[0;39m [32m[INFO][0;39m org.springframework.boot.devtools.env.DevToolsPropertyDefaultsPostProcessor restartedMain [32mFor additional web related logging consider setting the 'logging.level.web' property to 'DEBUG'
[0;39m[31m2024-04-22 12:13:01,088[0;39m [32m[INFO][0;39m org.springframework.data.repository.config.RepositoryConfigurationDelegate restartedMain [32mBootstrapping Spring Data JDBC repositories in DEFAULT mode.
[0;39m[31m2024-04-22 12:13:01,104[0;39m [32m[INFO][0;39m org.springframework.data.repository.config.RepositoryConfigurationDelegate restartedMain [32mFinished Spring Data repository scanning in 10 ms. Found 0 JDBC repository interfaces.
[0;39m[31m2024-04-22 12:13:01,320[0;39m [32m[INFO][0;39m org.springframework.context.support.PostProcessorRegistrationDelegate$BeanPostProcessorChecker restartedMain [32mBean 'soapServiceConfiguration' of type [com.example.backend.soap.services.SoapServiceConfiguration$$EnhancerBySpringCGLIB$$62e1b3f] is not eligible for getting processed by all BeanPostProcessors (for example: not eligible for auto-proxying)
[0;39m[31m2024-04-22 12:13:01,320[0;39m [32m[INFO][0;39m org.springframework.context.support.PostProcessorRegistrationDelegate$BeanPostProcessorChecker restartedMain [32mBean 'org.springframework.ws.config.annotation.DelegatingWsConfiguration' of type [org.springframework.ws.config.annotation.DelegatingWsConfiguration$$EnhancerBySpringCGLIB$$17b8d135] is not eligible for getting processed by all BeanPostProcessors (for example: not eligible for auto-proxying)
[0;39m[31m2024-04-22 12:13:01,354[0;39m [32m[INFO][0;39m org.springframework.ws.soap.addressing.server.AnnotationActionEndpointMapping restartedMain [32mSupporting [WS-Addressing August 2004, WS-Addressing 1.0]
[0;39m[31m2024-04-22 12:13:01,638[0;39m [32m[INFO][0;39m org.springframework.boot.web.embedded.tomcat.TomcatWebServer restartedMain [32mTomcat initialized with port(s): 8082 (http)
[0;39m[31m2024-04-22 12:13:01,655[0;39m [32m[INFO][0;39m org.apache.catalina.core.StandardService restartedMain [32mStarting service [Tomcat]
[0;39m[31m2024-04-22 12:13:01,655[0;39m [32m[INFO][0;39m org.apache.catalina.core.StandardEngine restartedMain [32mStarting Servlet engine: [Apache Tomcat/9.0.73]
[0;39m[31m2024-04-22 12:13:01,842[0;39m [32m[INFO][0;39m org.apache.catalina.core.ContainerBase.[Tomcat].[localhost].[/] restartedMain [32mInitializing Spring embedded WebApplicationContext
[0;39m[31m2024-04-22 12:13:01,842[0;39m [32m[INFO][0;39m org.springframework.boot.web.servlet.context.ServletWebServerApplicationContext restartedMain [32mRoot WebApplicationContext: initialization completed in 1466 ms
[0;39m[31m2024-04-22 12:13:02,145[0;39m [32m[INFO][0;39m org.springframework.security.web.DefaultSecurityFilterChain restartedMain [32mWill secure any request with [org.springframework.security.web.session.DisableEncodeUrlFilter@51bbfe4c, org.springframework.security.web.context.request.async.WebAsyncManagerIntegrationFilter@587c69cd, org.springframework.security.web.context.SecurityContextPersistenceFilter@77fd38ef, org.springframework.security.web.header.HeaderWriterFilter@4426d5c4, org.springframework.web.filter.CorsFilter@2347ca16, org.springframework.security.web.authentication.logout.LogoutFilter@16535a5e, org.springframework.security.web.authentication.UsernamePasswordAuthenticationFilter@36c2c5e1, org.springframework.security.web.authentication.ui.DefaultLoginPageGeneratingFilter@5642ea03, org.springframework.security.web.authentication.ui.DefaultLogoutPageGeneratingFilter@d2da917, org.springframework.security.web.authentication.www.BasicAuthenticationFilter@37c5024b, org.springframework.security.web.savedrequest.RequestCacheAwareFilter@6598993d, org.springframework.security.web.servletapi.SecurityContextHolderAwareRequestFilter@442f7d3b, org.springframework.security.web.authentication.AnonymousAuthenticationFilter@3ea7f60, org.springframework.security.web.session.SessionManagementFilter@6bf2d837, org.springframework.security.web.access.ExceptionTranslationFilter@581ca8b8, org.springframework.security.web.access.intercept.FilterSecurityInterceptor@50d0883d]
[0;39m[31m2024-04-22 12:13:02,803[0;39m [32m[INFO][0;39m com.zaxxer.hikari.HikariDataSource restartedMain [32mHikariPool-1 - Starting...
[0;39m[31m2024-04-22 12:13:02,803[0;39m [32m[WARN][0;39m com.zaxxer.hikari.util.DriverDataSource restartedMain [32mRegistered driver with driverClassName=oracle.jdbc.driver.OracleDriver was not found, trying direct instantiation.
[0;39m[31m2024-04-22 12:13:02,971[0;39m [32m[INFO][0;39m com.zaxxer.hikari.pool.PoolBase restartedMain [32mHikariPool-1 - Driver does not support get/set network timeout for connections. (oracle.jdbc.driver.T4CConnection.getNetworkTimeout()I)
[0;39m[31m2024-04-22 12:13:02,971[0;39m [32m[INFO][0;39m com.zaxxer.hikari.HikariDataSource restartedMain [32mHikariPool-1 - Start completed.
[0;39m[31m2024-04-22 12:13:03,071[0;39m [32m[INFO][0;39m org.springframework.boot.devtools.autoconfigure.OptionalLiveReloadServer restartedMain [32mLiveReload server is running on port 35729
[0;39m[31m2024-04-22 12:13:03,126[0;39m [32m[INFO][0;39m org.springframework.boot.web.embedded.tomcat.TomcatWebServer restartedMain [32mTomcat started on port(s): 8082 (http) with context path ''
[0;39m[31m2024-04-22 12:13:03,138[0;39m [32m[INFO][0;39m com.example.backend.BackendApplication restartedMain [32mStarted BackendApplication in 3.242 seconds (JVM running for 4.0)
[0;39m[31m2024-04-22 12:13:12,623[0;39m [32m[INFO][0;39m org.apache.catalina.core.ContainerBase.[Tomcat].[localhost].[/] http-nio-8082-exec-1 [32mInitializing Spring MessageDispatcherServlet 'messageDispatcherServlet'
[0;39m[31m2024-04-22 12:13:12,623[0;39m [32m[INFO][0;39m org.springframework.ws.transport.http.MessageDispatcherServlet http-nio-8082-exec-1 [32mInitializing Servlet 'messageDispatcherServlet'
[0;39m[31m2024-04-22 12:13:12,628[0;39m [32m[INFO][0;39m org.springframework.ws.soap.saaj.SaajSoapMessageFactory http-nio-8082-exec-1 [32mCreating SAAJ 1.3 MessageFactory with SOAP 1.1 Protocol
[0;39m[31m2024-04-22 12:13:12,635[0;39m [32m[INFO][0;39m org.springframework.ws.transport.http.MessageDispatcherServlet http-nio-8082-exec-1 [32mCompleted initialization in 12 ms
[0;39m[31m2024-04-22 12:13:12,685[0;39m [32m[INFO][0;39m org.apache.catalina.core.ContainerBase.[Tomcat].[localhost].[/] http-nio-8082-exec-3 [32mInitializing Spring DispatcherServlet 'dispatcherServlet'
[0;39m[31m2024-04-22 12:13:12,685[0;39m [32m[INFO][0;39m org.springframework.web.servlet.DispatcherServlet http-nio-8082-exec-3 [32mInitializing Servlet 'dispatcherServlet'
[0;39m[31m2024-04-22 12:13:12,688[0;39m [32m[INFO][0;39m org.springframework.web.servlet.DispatcherServlet http-nio-8082-exec-3 [32mCompleted initialization in 3 ms
[0;39m[31m2024-04-22 12:19:25,793[0;39m [32m[INFO][0;39m com.example.backend.soap.services.SoapPhase http-nio-8082-exec-3 [32msuccess.fetch
[0;39m[31m2024-04-22 12:19:33,641[0;39m [32m[INFO][0;39m com.project.dao.services.AccountsServices http-nio-8082-exec-5 [32mNo active accounts found for customer with ID
[0;39m[31m2024-04-22 12:19:33,645[0;39m [32m[WARN][0;39m com.example.backend.soap.services.SoapPhase http-nio-8082-exec-5 [32mfailure.fetch
[0;39m