[31m2024-04-23 08:55:24,417[0;39m [32m[INFO][0;39m technical.spring.services.ServicesApplication restartedMain [32mStarting ServicesApplication using Java 1.8.0_292 on WPF45DE29 with PID 17388 (C:\DLTE-JavaFullStack-RakeshKumarS-2024\DLTE-Java\DLTE-Java-Technical-6\Spring-Services\target\classes started by xxshetur in C:\DLTE-JavaFullStack-RakeshKumarS-2024\DLTE-Java\DLTE-Java-Technical-6\Spring-Services)
[0;39m[31m2024-04-23 08:55:24,417[0;39m [32m[INFO][0;39m technical.spring.services.ServicesApplication restartedMain [32mNo active profile set, falling back to 1 default profile: "default"
[0;39m[31m2024-04-23 08:55:24,496[0;39m [32m[INFO][0;39m org.springframework.boot.devtools.restart.ChangeableUrls restartedMain [32mThe Class-Path manifest attribute in C:\Users\xxshetur\.m2\repository\com\oracle\database\security\oraclepki\21.5.0.0\oraclepki-21.5.0.0.jar referenced one or more files that do not exist: file:/C:/Users/xxshetur/.m2/repository/com/oracle/database/security/oraclepki/21.5.0.0/osdt_core.jar,file:/C:/Users/xxshetur/.m2/repository/com/oracle/database/security/oraclepki/21.5.0.0/osdt_cert.jar,file:/C:/Users/xxshetur/.m2/repository/com/oracle/database/security/oraclepki/oracle.osdt/osdt_core.jar,file:/C:/Users/xxshetur/.m2/repository/com/oracle/database/security/oraclepki/oracle.osdt/osdt_cert.jar
[0;39m[31m2024-04-23 08:55:24,496[0;39m [32m[INFO][0;39m org.springframework.boot.devtools.env.DevToolsPropertyDefaultsPostProcessor restartedMain [32mDevtools property defaults active! Set 'spring.devtools.add-properties' to 'false' to disable
[0;39m[31m2024-04-23 08:55:24,496[0;39m [32m[INFO][0;39m org.springframework.boot.devtools.env.DevToolsPropertyDefaultsPostProcessor restartedMain [32mFor additional web related logging consider setting the 'logging.level.web' property to 'DEBUG'
[0;39m[31m2024-04-23 08:55:25,457[0;39m [32m[INFO][0;39m org.springframework.data.repository.config.RepositoryConfigurationDelegate restartedMain [32mBootstrapping Spring Data JDBC repositories in DEFAULT mode.
[0;39m[31m2024-04-23 08:55:25,474[0;39m [32m[INFO][0;39m org.springframework.data.repository.config.RepositoryConfigurationDelegate restartedMain [32mFinished Spring Data repository scanning in 11 ms. Found 0 JDBC repository interfaces.
[0;39m[31m2024-04-23 08:55:25,803[0;39m [32m[INFO][0;39m org.springframework.context.support.PostProcessorRegistrationDelegate$BeanPostProcessorChecker restartedMain [32mBean 'org.springframework.ws.config.annotation.DelegatingWsConfiguration' of type [org.springframework.ws.config.annotation.DelegatingWsConfiguration$$EnhancerBySpringCGLIB$$45add380] is not eligible for getting processed by all BeanPostProcessors (for example: not eligible for auto-proxying)
[0;39m[31m2024-04-23 08:55:25,889[0;39m [32m[INFO][0;39m org.springframework.ws.soap.addressing.server.AnnotationActionEndpointMapping restartedMain [32mSupporting [WS-Addressing August 2004, WS-Addressing 1.0]
[0;39m[31m2024-04-23 08:55:26,349[0;39m [32m[INFO][0;39m org.springframework.boot.web.embedded.tomcat.TomcatWebServer restartedMain [32mTomcat initialized with port(s): 8083 (http)
[0;39m[31m2024-04-23 08:55:26,364[0;39m [32m[INFO][0;39m org.apache.catalina.core.StandardService restartedMain [32mStarting service [Tomcat]
[0;39m[31m2024-04-23 08:55:26,364[0;39m [32m[INFO][0;39m org.apache.catalina.core.StandardEngine restartedMain [32mStarting Servlet engine: [Apache Tomcat/9.0.73]
[0;39m[31m2024-04-23 08:55:26,490[0;39m [32m[INFO][0;39m org.apache.catalina.core.ContainerBase.[Tomcat].[localhost].[/] restartedMain [32mInitializing Spring embedded WebApplicationContext
[0;39m[31m2024-04-23 08:55:26,490[0;39m [32m[INFO][0;39m org.springframework.boot.web.servlet.context.ServletWebServerApplicationContext restartedMain [32mRoot WebApplicationContext: initialization completed in 1994 ms
[0;39m[31m2024-04-23 08:55:27,107[0;39m [32m[INFO][0;39m com.zaxxer.hikari.HikariDataSource restartedMain [32mHikariPool-1 - Starting...
[0;39m[31m2024-04-23 08:55:27,107[0;39m [32m[WARN][0;39m com.zaxxer.hikari.util.DriverDataSource restartedMain [32mRegistered driver with driverClassName=oracle.jdbc.driver.OracleDriver was not found, trying direct instantiation.
[0;39m[31m2024-04-23 08:55:27,216[0;39m [32m[INFO][0;39m com.zaxxer.hikari.pool.PoolBase restartedMain [32mHikariPool-1 - Driver does not support get/set network timeout for connections. (oracle.jdbc.driver.T4CConnection.getNetworkTimeout()I)
[0;39m[31m2024-04-23 08:55:27,232[0;39m [32m[INFO][0;39m com.zaxxer.hikari.HikariDataSource restartedMain [32mHikariPool-1 - Start completed.
[0;39m[31m2024-04-23 08:55:27,442[0;39m [32m[INFO][0;39m org.springframework.boot.devtools.autoconfigure.OptionalLiveReloadServer restartedMain [32mLiveReload server is running on port 35729
[0;39m[31m2024-04-23 08:55:27,492[0;39m [32m[INFO][0;39m org.springframework.boot.web.embedded.tomcat.TomcatWebServer restartedMain [32mTomcat started on port(s): 8083 (http) with context path ''
[0;39m[31m2024-04-23 08:55:27,501[0;39m [32m[INFO][0;39m technical.spring.services.ServicesApplication restartedMain [32mStarted ServicesApplication in 3.832 seconds (JVM running for 5.102)
[0;39m[31m2024-04-23 09:02:50,017[0;39m [32m[INFO][0;39m org.apache.catalina.core.ContainerBase.[Tomcat].[localhost].[/] http-nio-8083-exec-1 [32mInitializing Spring DispatcherServlet 'dispatcherServlet'
[0;39m[31m2024-04-23 09:02:50,017[0;39m [32m[INFO][0;39m org.springframework.web.servlet.DispatcherServlet http-nio-8083-exec-1 [32mInitializing Servlet 'dispatcherServlet'
[0;39m[31m2024-04-23 09:02:50,017[0;39m [32m[INFO][0;39m org.springframework.web.servlet.DispatcherServlet http-nio-8083-exec-1 [32mCompleted initialization in 0 ms
[0;39m[31m2024-04-23 09:02:50,142[0;39m [32m[ERROR][0;39m technical.review.spring.services.EmployeeServices http-nio-8083-exec-1 [32mUser inserted successfully!!
[0;39m