[31m2024-03-29 00:06:26,762[0;39m [32m[WARN][0;39m com.zaxxer.hikari.pool.HikariPool HikariPool-1 housekeeper [32mHikariPool-1 - Thread starvation or clock leap detected (housekeeper delta=1m35s699ms422µs700ns).
[0;39m[31m2024-03-29 00:24:17,220[0;39m [32m[INFO][0;39m com.example.demo.ApplicationTests main [32mStarting ApplicationTests using Java 1.8.0_292 on WPF45DE29 with PID 24968 (started by xxshetur in C:\DLTE-JavaFullStack-RakeshKumarS-2024\DLTE-Spring\Tasks\DLTE-Spring-008)
[0;39m[31m2024-03-29 00:24:17,220[0;39m [32m[INFO][0;39m com.example.demo.ApplicationTests main [32mNo active profile set, falling back to 1 default profile: "default"
[0;39m[31m2024-03-29 00:24:18,352[0;39m [32m[INFO][0;39m org.springframework.data.repository.config.RepositoryConfigurationDelegate main [32mBootstrapping Spring Data JDBC repositories in DEFAULT mode.
[0;39m[31m2024-03-29 00:24:18,374[0;39m [32m[INFO][0;39m org.springframework.data.repository.config.RepositoryConfigurationDelegate main [32mFinished Spring Data repository scanning in 12 ms. Found 0 JDBC repository interfaces.
[0;39m[31m2024-03-29 00:24:18,740[0;39m [32m[INFO][0;39m org.springframework.context.support.PostProcessorRegistrationDelegate$BeanPostProcessorChecker main [32mBean 'soapServiceConfiguration' of type [com.example.demo.configs.SoapServiceConfiguration$$EnhancerBySpringCGLIB$$d799e991] is not eligible for getting processed by all BeanPostProcessors (for example: not eligible for auto-proxying)
[0;39m[31m2024-03-29 00:24:18,740[0;39m [32m[INFO][0;39m org.springframework.context.support.PostProcessorRegistrationDelegate$BeanPostProcessorChecker main [32mBean 'org.springframework.ws.config.annotation.DelegatingWsConfiguration' of type [org.springframework.ws.config.annotation.DelegatingWsConfiguration$$EnhancerBySpringCGLIB$$134cafe8] is not eligible for getting processed by all BeanPostProcessors (for example: not eligible for auto-proxying)
[0;39m[31m2024-03-29 00:24:18,856[0;39m [32m[INFO][0;39m org.springframework.ws.soap.addressing.server.AnnotationActionEndpointMapping main [32mSupporting [WS-Addressing August 2004, WS-Addressing 1.0]
[0;39m[31m2024-03-29 00:24:21,107[0;39m [32m[INFO][0;39m com.zaxxer.hikari.HikariDataSource main [32mHikariPool-1 - Starting...
[0;39m[31m2024-03-29 00:24:21,123[0;39m [32m[WARN][0;39m com.zaxxer.hikari.util.DriverDataSource main [32mRegistered driver with driverClassName=oracle.jdbc.driver.OracleDriver was not found, trying direct instantiation.
[0;39m[31m2024-03-29 00:24:21,643[0;39m [32m[INFO][0;39m com.zaxxer.hikari.pool.PoolBase main [32mHikariPool-1 - Driver does not support get/set network timeout for connections. (oracle.jdbc.driver.T4CConnection.getNetworkTimeout()I)
[0;39m[31m2024-03-29 00:24:21,658[0;39m [32m[INFO][0;39m com.zaxxer.hikari.HikariDataSource main [32mHikariPool-1 - Start completed.
[0;39m[31m2024-03-29 00:24:22,084[0;39m [32m[INFO][0;39m com.example.demo.ApplicationTests main [32mStarted ApplicationTests in 5.443 seconds (JVM running for 7.058)
[0;39m[31m2024-03-29 00:24:22,588[0;39m [32m[INFO][0;39m com.zaxxer.hikari.HikariDataSource SpringApplicationShutdownHook [32mHikariPool-1 - Shutdown initiated...
[0;39m[31m2024-03-29 00:24:22,604[0;39m [32m[INFO][0;39m com.zaxxer.hikari.HikariDataSource SpringApplicationShutdownHook [32mHikariPool-1 - Shutdown completed.
[0;39m[31m2024-03-29 12:18:52,802[0;39m [32m[INFO][0;39m com.example.demo.Application restartedMain [32mStarting Application using Java 1.8.0_292 on WPF45DE29 with PID 11904 (C:\DLTE-JavaFullStack-RakeshKumarS-2024\DLTE-Spring\Tasks\DLTE-Spring-008\target\classes started by xxshetur in C:\DLTE-JavaFullStack-RakeshKumarS-2024\DLTE-Spring\Tasks\DLTE-Spring-008)
[0;39m[31m2024-03-29 12:18:52,838[0;39m [32m[INFO][0;39m com.example.demo.Application restartedMain [32mNo active profile set, falling back to 1 default profile: "default"
[0;39m[31m2024-03-29 12:18:52,926[0;39m [32m[INFO][0;39m org.springframework.boot.devtools.restart.ChangeableUrls restartedMain [32mThe Class-Path manifest attribute in C:\Users\xxshetur\.m2\repository\com\oracle\database\security\oraclepki\21.5.0.0\oraclepki-21.5.0.0.jar referenced one or more files that do not exist: file:/C:/Users/xxshetur/.m2/repository/com/oracle/database/security/oraclepki/21.5.0.0/osdt_core.jar,file:/C:/Users/xxshetur/.m2/repository/com/oracle/database/security/oraclepki/21.5.0.0/osdt_cert.jar,file:/C:/Users/xxshetur/.m2/repository/com/oracle/database/security/oraclepki/oracle.osdt/osdt_core.jar,file:/C:/Users/xxshetur/.m2/repository/com/oracle/database/security/oraclepki/oracle.osdt/osdt_cert.jar
[0;39m[31m2024-03-29 12:18:52,942[0;39m [32m[INFO][0;39m org.springframework.boot.devtools.env.DevToolsPropertyDefaultsPostProcessor restartedMain [32mDevtools property defaults active! Set 'spring.devtools.add-properties' to 'false' to disable
[0;39m[31m2024-03-29 12:18:52,942[0;39m [32m[INFO][0;39m org.springframework.boot.devtools.env.DevToolsPropertyDefaultsPostProcessor restartedMain [32mFor additional web related logging consider setting the 'logging.level.web' property to 'DEBUG'
[0;39m[31m2024-03-29 12:18:54,012[0;39m [32m[INFO][0;39m org.springframework.data.repository.config.RepositoryConfigurationDelegate restartedMain [32mBootstrapping Spring Data JDBC repositories in DEFAULT mode.
[0;39m[31m2024-03-29 12:18:54,043[0;39m [32m[INFO][0;39m org.springframework.data.repository.config.RepositoryConfigurationDelegate restartedMain [32mFinished Spring Data repository scanning in 18 ms. Found 0 JDBC repository interfaces.
[0;39m[31m2024-03-29 12:18:54,359[0;39m [32m[INFO][0;39m org.springframework.context.support.PostProcessorRegistrationDelegate$BeanPostProcessorChecker restartedMain [32mBean 'soapServiceConfiguration' of type [com.example.demo.configs.SoapServiceConfiguration$$EnhancerBySpringCGLIB$$fbfed23] is not eligible for getting processed by all BeanPostProcessors (for example: not eligible for auto-proxying)
[0;39m[31m2024-03-29 12:18:54,359[0;39m [32m[INFO][0;39m org.springframework.context.support.PostProcessorRegistrationDelegate$BeanPostProcessorChecker restartedMain [32mBean 'org.springframework.ws.config.annotation.DelegatingWsConfiguration' of type [org.springframework.ws.config.annotation.DelegatingWsConfiguration$$EnhancerBySpringCGLIB$$4b72b37a] is not eligible for getting processed by all BeanPostProcessors (for example: not eligible for auto-proxying)
[0;39m[31m2024-03-29 12:18:54,501[0;39m [32m[INFO][0;39m org.springframework.ws.soap.addressing.server.AnnotationActionEndpointMapping restartedMain [32mSupporting [WS-Addressing August 2004, WS-Addressing 1.0]
[0;39m[31m2024-03-29 12:18:54,849[0;39m [32m[INFO][0;39m org.springframework.boot.web.embedded.tomcat.TomcatWebServer restartedMain [32mTomcat initialized with port(s): 8082 (http)
[0;39m[31m2024-03-29 12:18:54,864[0;39m [32m[INFO][0;39m org.apache.catalina.core.StandardService restartedMain [32mStarting service [Tomcat]
[0;39m[31m2024-03-29 12:18:54,864[0;39m [32m[INFO][0;39m org.apache.catalina.core.StandardEngine restartedMain [32mStarting Servlet engine: [Apache Tomcat/9.0.73]
[0;39m[31m2024-03-29 12:18:55,022[0;39m [32m[INFO][0;39m org.apache.catalina.core.ContainerBase.[Tomcat].[localhost].[/] restartedMain [32mInitializing Spring embedded WebApplicationContext
[0;39m[31m2024-03-29 12:18:55,022[0;39m [32m[INFO][0;39m org.springframework.boot.web.servlet.context.ServletWebServerApplicationContext restartedMain [32mRoot WebApplicationContext: initialization completed in 2080 ms
[0;39m[31m2024-03-29 12:18:55,887[0;39m [32m[INFO][0;39m com.zaxxer.hikari.HikariDataSource restartedMain [32mHikariPool-1 - Starting...
[0;39m[31m2024-03-29 12:18:55,887[0;39m [32m[WARN][0;39m com.zaxxer.hikari.util.DriverDataSource restartedMain [32mRegistered driver with driverClassName=oracle.jdbc.driver.OracleDriver was not found, trying direct instantiation.
[0;39m[31m2024-03-29 12:18:56,029[0;39m [32m[INFO][0;39m com.zaxxer.hikari.pool.PoolBase restartedMain [32mHikariPool-1 - Driver does not support get/set network timeout for connections. (oracle.jdbc.driver.T4CConnection.getNetworkTimeout()I)
[0;39m[31m2024-03-29 12:18:56,045[0;39m [32m[INFO][0;39m com.zaxxer.hikari.HikariDataSource restartedMain [32mHikariPool-1 - Start completed.
[0;39m[31m2024-03-29 12:18:56,298[0;39m [32m[WARN][0;39m org.springframework.boot.devtools.autoconfigure.OptionalLiveReloadServer restartedMain [32mUnable to start LiveReload server
[0;39m[31m2024-03-29 12:18:56,330[0;39m [32m[WARN][0;39m org.springframework.boot.web.servlet.context.AnnotationConfigServletWebServerApplicationContext restartedMain [32mException encountered during context initialization - cancelling refresh attempt: org.springframework.context.ApplicationContextException: Failed to start bean 'webServerStartStop'; nested exception is org.springframework.boot.web.server.PortInUseException: Port 8082 is already in use
[0;39m[31m2024-03-29 12:18:56,365[0;39m [32m[INFO][0;39m com.zaxxer.hikari.HikariDataSource restartedMain [32mHikariPool-1 - Shutdown initiated...
[0;39m[31m2024-03-29 12:18:56,388[0;39m [32m[INFO][0;39m com.zaxxer.hikari.HikariDataSource restartedMain [32mHikariPool-1 - Shutdown completed.
[0;39m[31m2024-03-29 12:18:56,394[0;39m [32m[INFO][0;39m org.apache.catalina.core.StandardService restartedMain [32mStopping service [Tomcat]
[0;39m[31m2024-03-29 12:18:56,409[0;39m [32m[INFO][0;39m org.springframework.boot.autoconfigure.logging.ConditionEvaluationReportLoggingListener restartedMain [32m

Error starting ApplicationContext. To display the conditions report re-run your application with 'debug' enabled.
[0;39m[31m2024-03-29 12:18:56,441[0;39m [32m[ERROR][0;39m org.springframework.boot.diagnostics.LoggingFailureAnalysisReporter restartedMain [32m

***************************
APPLICATION FAILED TO START
***************************

Description:

Web server failed to start. Port 8082 was already in use.

Action:

Identify and stop the process that's listening on port 8082 or configure this application to listen on another port.

[0;39m[31m2024-03-29 14:08:35,558[0;39m [32m[INFO][0;39m com.example.demo.ApplicationTests main [32mStarting ApplicationTests using Java 1.8.0_292 on WPF45DE29 with PID 29268 (started by xxshetur in C:\DLTE-JavaFullStack-RakeshKumarS-2024\DLTE-Spring\Tasks\DLTE-Spring-008)
[0;39m[31m2024-03-29 14:08:35,558[0;39m [32m[INFO][0;39m com.example.demo.ApplicationTests main [32mNo active profile set, falling back to 1 default profile: "default"
[0;39m[31m2024-03-29 14:08:36,644[0;39m [32m[INFO][0;39m org.springframework.data.repository.config.RepositoryConfigurationDelegate main [32mBootstrapping Spring Data JDBC repositories in DEFAULT mode.
[0;39m[31m2024-03-29 14:08:36,669[0;39m [32m[INFO][0;39m org.springframework.data.repository.config.RepositoryConfigurationDelegate main [32mFinished Spring Data repository scanning in 15 ms. Found 0 JDBC repository interfaces.
[0;39m[31m2024-03-29 14:08:37,111[0;39m [32m[INFO][0;39m org.springframework.context.support.PostProcessorRegistrationDelegate$BeanPostProcessorChecker main [32mBean 'soapServiceConfiguration' of type [com.example.demo.configs.SoapServiceConfiguration$$EnhancerBySpringCGLIB$$2c70c2c3] is not eligible for getting processed by all BeanPostProcessors (for example: not eligible for auto-proxying)
[0;39m[31m2024-03-29 14:08:37,113[0;39m [32m[INFO][0;39m org.springframework.context.support.PostProcessorRegistrationDelegate$BeanPostProcessorChecker main [32mBean 'org.springframework.ws.config.annotation.DelegatingWsConfiguration' of type [org.springframework.ws.config.annotation.DelegatingWsConfiguration$$EnhancerBySpringCGLIB$$6823891a] is not eligible for getting processed by all BeanPostProcessors (for example: not eligible for auto-proxying)
[0;39m[31m2024-03-29 14:08:37,175[0;39m [32m[INFO][0;39m org.springframework.ws.soap.addressing.server.AnnotationActionEndpointMapping main [32mSupporting [WS-Addressing August 2004, WS-Addressing 1.0]
[0;39m[31m2024-03-29 14:08:39,554[0;39m [32m[INFO][0;39m com.zaxxer.hikari.HikariDataSource main [32mHikariPool-1 - Starting...
[0;39m[31m2024-03-29 14:08:39,570[0;39m [32m[WARN][0;39m com.zaxxer.hikari.util.DriverDataSource main [32mRegistered driver with driverClassName=oracle.jdbc.driver.OracleDriver was not found, trying direct instantiation.
[0;39m[31m2024-03-29 14:08:40,200[0;39m [32m[INFO][0;39m com.zaxxer.hikari.pool.PoolBase main [32mHikariPool-1 - Driver does not support get/set network timeout for connections. (oracle.jdbc.driver.T4CConnection.getNetworkTimeout()I)
[0;39m[31m2024-03-29 14:08:40,216[0;39m [32m[INFO][0;39m com.zaxxer.hikari.HikariDataSource main [32mHikariPool-1 - Start completed.
[0;39m[31m2024-03-29 14:08:40,722[0;39m [32m[INFO][0;39m com.example.demo.ApplicationTests main [32mStarted ApplicationTests in 5.783 seconds (JVM running for 7.517)
[0;39m[31m2024-03-29 14:08:41,275[0;39m [32m[INFO][0;39m com.zaxxer.hikari.HikariDataSource SpringApplicationShutdownHook [32mHikariPool-1 - Shutdown initiated...
[0;39m[31m2024-03-29 14:08:41,293[0;39m [32m[INFO][0;39m com.zaxxer.hikari.HikariDataSource SpringApplicationShutdownHook [32mHikariPool-1 - Shutdown completed.
[0;39m[31m2024-03-29 14:32:42,360[0;39m [32m[INFO][0;39m com.example.demo.ApplicationTests main [32mStarting ApplicationTests using Java 1.8.0_292 on WPF45DE29 with PID 26744 (started by xxshetur in C:\DLTE-JavaFullStack-RakeshKumarS-2024\DLTE-Spring\Tasks\DLTE-Spring-008)
[0;39m[31m2024-03-29 14:32:42,360[0;39m [32m[INFO][0;39m com.example.demo.ApplicationTests main [32mNo active profile set, falling back to 1 default profile: "default"
[0;39m[31m2024-03-29 14:32:43,398[0;39m [32m[INFO][0;39m org.springframework.data.repository.config.RepositoryConfigurationDelegate main [32mBootstrapping Spring Data JDBC repositories in DEFAULT mode.
[0;39m[31m2024-03-29 14:32:43,430[0;39m [32m[INFO][0;39m org.springframework.data.repository.config.RepositoryConfigurationDelegate main [32mFinished Spring Data repository scanning in 20 ms. Found 0 JDBC repository interfaces.
[0;39m[31m2024-03-29 14:32:43,855[0;39m [32m[INFO][0;39m org.springframework.context.support.PostProcessorRegistrationDelegate$BeanPostProcessorChecker main [32mBean 'soapServiceConfiguration' of type [com.example.demo.configs.SoapServiceConfiguration$$EnhancerBySpringCGLIB$$917b0d8d] is not eligible for getting processed by all BeanPostProcessors (for example: not eligible for auto-proxying)
[0;39m[31m2024-03-29 14:32:43,855[0;39m [32m[INFO][0;39m org.springframework.context.support.PostProcessorRegistrationDelegate$BeanPostProcessorChecker main [32mBean 'org.springframework.ws.config.annotation.DelegatingWsConfiguration' of type [org.springframework.ws.config.annotation.DelegatingWsConfiguration$$EnhancerBySpringCGLIB$$cd2dd3e4] is not eligible for getting processed by all BeanPostProcessors (for example: not eligible for auto-proxying)
[0;39m[31m2024-03-29 14:32:43,964[0;39m [32m[INFO][0;39m org.springframework.ws.soap.addressing.server.AnnotationActionEndpointMapping main [32mSupporting [WS-Addressing August 2004, WS-Addressing 1.0]
[0;39m[31m2024-03-29 14:32:46,184[0;39m [32m[INFO][0;39m com.zaxxer.hikari.HikariDataSource main [32mHikariPool-1 - Starting...
[0;39m[31m2024-03-29 14:32:46,184[0;39m [32m[WARN][0;39m com.zaxxer.hikari.util.DriverDataSource main [32mRegistered driver with driverClassName=oracle.jdbc.driver.OracleDriver was not found, trying direct instantiation.
[0;39m[31m2024-03-29 14:32:46,767[0;39m [32m[INFO][0;39m com.zaxxer.hikari.pool.PoolBase main [32mHikariPool-1 - Driver does not support get/set network timeout for connections. (oracle.jdbc.driver.T4CConnection.getNetworkTimeout()I)
[0;39m[31m2024-03-29 14:32:46,767[0;39m [32m[INFO][0;39m com.zaxxer.hikari.HikariDataSource main [32mHikariPool-1 - Start completed.
[0;39m[31m2024-03-29 14:32:47,304[0;39m [32m[INFO][0;39m com.example.demo.ApplicationTests main [32mStarted ApplicationTests in 5.519 seconds (JVM running for 7.512)
[0;39m[31m2024-03-29 14:32:47,792[0;39m [32m[INFO][0;39m com.zaxxer.hikari.HikariDataSource SpringApplicationShutdownHook [32mHikariPool-1 - Shutdown initiated...
[0;39m[31m2024-03-29 14:32:47,808[0;39m [32m[INFO][0;39m com.zaxxer.hikari.HikariDataSource SpringApplicationShutdownHook [32mHikariPool-1 - Shutdown completed.
[0;39m[31m2024-03-29 14:34:27,932[0;39m [32m[INFO][0;39m com.example.demo.Application restartedMain [32mStarting Application using Java 1.8.0_292 on WPF45DE29 with PID 21124 (C:\DLTE-JavaFullStack-RakeshKumarS-2024\DLTE-Spring\Tasks\DLTE-Spring-008\target\classes started by xxshetur in C:\DLTE-JavaFullStack-RakeshKumarS-2024\DLTE-Spring\Tasks\DLTE-Spring-008)
[0;39m[31m2024-03-29 14:34:27,932[0;39m [32m[INFO][0;39m com.example.demo.Application restartedMain [32mNo active profile set, falling back to 1 default profile: "default"
[0;39m[31m2024-03-29 14:34:28,011[0;39m [32m[INFO][0;39m org.springframework.boot.devtools.restart.ChangeableUrls restartedMain [32mThe Class-Path manifest attribute in C:\Users\xxshetur\.m2\repository\com\oracle\database\security\oraclepki\21.5.0.0\oraclepki-21.5.0.0.jar referenced one or more files that do not exist: file:/C:/Users/xxshetur/.m2/repository/com/oracle/database/security/oraclepki/21.5.0.0/osdt_core.jar,file:/C:/Users/xxshetur/.m2/repository/com/oracle/database/security/oraclepki/21.5.0.0/osdt_cert.jar,file:/C:/Users/xxshetur/.m2/repository/com/oracle/database/security/oraclepki/oracle.osdt/osdt_core.jar,file:/C:/Users/xxshetur/.m2/repository/com/oracle/database/security/oraclepki/oracle.osdt/osdt_cert.jar
[0;39m[31m2024-03-29 14:34:28,011[0;39m [32m[INFO][0;39m org.springframework.boot.devtools.env.DevToolsPropertyDefaultsPostProcessor restartedMain [32mDevtools property defaults active! Set 'spring.devtools.add-properties' to 'false' to disable
[0;39m[31m2024-03-29 14:34:28,011[0;39m [32m[INFO][0;39m org.springframework.boot.devtools.env.DevToolsPropertyDefaultsPostProcessor restartedMain [32mFor additional web related logging consider setting the 'logging.level.web' property to 'DEBUG'
[0;39m[31m2024-03-29 14:34:28,801[0;39m [32m[INFO][0;39m org.springframework.data.repository.config.RepositoryConfigurationDelegate restartedMain [32mBootstrapping Spring Data JDBC repositories in DEFAULT mode.
[0;39m[31m2024-03-29 14:34:28,819[0;39m [32m[INFO][0;39m org.springframework.data.repository.config.RepositoryConfigurationDelegate restartedMain [32mFinished Spring Data repository scanning in 7 ms. Found 0 JDBC repository interfaces.
[0;39m[31m2024-03-29 14:34:29,040[0;39m [32m[INFO][0;39m org.springframework.context.support.PostProcessorRegistrationDelegate$BeanPostProcessorChecker restartedMain [32mBean 'soapServiceConfiguration' of type [com.example.demo.configs.SoapServiceConfiguration$$EnhancerBySpringCGLIB$$307faa2e] is not eligible for getting processed by all BeanPostProcessors (for example: not eligible for auto-proxying)
[0;39m[31m2024-03-29 14:34:29,040[0;39m [32m[INFO][0;39m org.springframework.context.support.PostProcessorRegistrationDelegate$BeanPostProcessorChecker restartedMain [32mBean 'org.springframework.ws.config.annotation.DelegatingWsConfiguration' of type [org.springframework.ws.config.annotation.DelegatingWsConfiguration$$EnhancerBySpringCGLIB$$6c327085] is not eligible for getting processed by all BeanPostProcessors (for example: not eligible for auto-proxying)
[0;39m[31m2024-03-29 14:34:29,071[0;39m [32m[INFO][0;39m org.springframework.ws.soap.addressing.server.AnnotationActionEndpointMapping restartedMain [32mSupporting [WS-Addressing August 2004, WS-Addressing 1.0]
[0;39m[31m2024-03-29 14:34:29,639[0;39m [32m[INFO][0;39m org.springframework.boot.web.embedded.tomcat.TomcatWebServer restartedMain [32mTomcat initialized with port(s): 8082 (http)
[0;39m[31m2024-03-29 14:34:29,655[0;39m [32m[INFO][0;39m org.apache.catalina.core.StandardService restartedMain [32mStarting service [Tomcat]
[0;39m[31m2024-03-29 14:34:29,655[0;39m [32m[INFO][0;39m org.apache.catalina.core.StandardEngine restartedMain [32mStarting Servlet engine: [Apache Tomcat/9.0.73]
[0;39m[31m2024-03-29 14:34:29,796[0;39m [32m[INFO][0;39m org.apache.catalina.core.ContainerBase.[Tomcat].[localhost].[/] restartedMain [32mInitializing Spring embedded WebApplicationContext
[0;39m[31m2024-03-29 14:34:29,796[0;39m [32m[INFO][0;39m org.springframework.boot.web.servlet.context.ServletWebServerApplicationContext restartedMain [32mRoot WebApplicationContext: initialization completed in 1785 ms
[0;39m[31m2024-03-29 14:34:30,351[0;39m [32m[INFO][0;39m com.zaxxer.hikari.HikariDataSource restartedMain [32mHikariPool-1 - Starting...
[0;39m[31m2024-03-29 14:34:30,353[0;39m [32m[WARN][0;39m com.zaxxer.hikari.util.DriverDataSource restartedMain [32mRegistered driver with driverClassName=oracle.jdbc.driver.OracleDriver was not found, trying direct instantiation.
[0;39m[31m2024-03-29 14:34:30,538[0;39m [32m[INFO][0;39m com.zaxxer.hikari.pool.PoolBase restartedMain [32mHikariPool-1 - Driver does not support get/set network timeout for connections. (oracle.jdbc.driver.T4CConnection.getNetworkTimeout()I)
[0;39m[31m2024-03-29 14:34:30,552[0;39m [32m[INFO][0;39m com.zaxxer.hikari.HikariDataSource restartedMain [32mHikariPool-1 - Start completed.
[0;39m[31m2024-03-29 14:34:30,696[0;39m [32m[INFO][0;39m org.springframework.boot.devtools.autoconfigure.OptionalLiveReloadServer restartedMain [32mLiveReload server is running on port 35729
[0;39m[31m2024-03-29 14:34:30,725[0;39m [32m[INFO][0;39m org.springframework.boot.web.embedded.tomcat.TomcatWebServer restartedMain [32mTomcat started on port(s): 8082 (http) with context path ''
[0;39m[31m2024-03-29 14:34:30,741[0;39m [32m[INFO][0;39m com.example.demo.Application restartedMain [32mStarted Application in 3.406 seconds (JVM running for 4.946)
[0;39m[31m2024-03-29 14:35:15,624[0;39m [32m[INFO][0;39m org.apache.catalina.core.ContainerBase.[Tomcat].[localhost].[/] http-nio-8082-exec-1 [32mInitializing Spring MessageDispatcherServlet 'messageDispatcherServlet'
[0;39m[31m2024-03-29 14:35:15,630[0;39m [32m[INFO][0;39m org.springframework.ws.transport.http.MessageDispatcherServlet http-nio-8082-exec-1 [32mInitializing Servlet 'messageDispatcherServlet'
[0;39m[31m2024-03-29 14:35:15,631[0;39m [32m[INFO][0;39m org.springframework.ws.soap.saaj.SaajSoapMessageFactory http-nio-8082-exec-1 [32mCreating SAAJ 1.3 MessageFactory with SOAP 1.1 Protocol
[0;39m[31m2024-03-29 14:35:15,672[0;39m [32m[INFO][0;39m org.springframework.ws.transport.http.MessageDispatcherServlet http-nio-8082-exec-1 [32mCompleted initialization in 41 ms
[0;39m[31m2024-03-29 14:35:16,149[0;39m [32m[INFO][0;39m org.apache.catalina.core.ContainerBase.[Tomcat].[localhost].[/] http-nio-8082-exec-2 [32mInitializing Spring DispatcherServlet 'dispatcherServlet'
[0;39m[31m2024-03-29 14:35:16,150[0;39m [32m[INFO][0;39m org.springframework.web.servlet.DispatcherServlet http-nio-8082-exec-2 [32mInitializing Servlet 'dispatcherServlet'
[0;39m[31m2024-03-29 14:35:16,152[0;39m [32m[INFO][0;39m org.springframework.web.servlet.DispatcherServlet http-nio-8082-exec-2 [32mCompleted initialization in 2 ms
[0;39m[31m2024-03-29 14:42:30,982[0;39m [32m[INFO][0;39m org.springframework.boot.devtools.autoconfigure.LocalDevToolsAutoConfiguration$RestartingClassPathChangeChangedEventListener File Watcher [32mRestarting due to 25 class path changes (0 additions, 25 deletions, 0 modifications)
[0;39m[31m2024-03-29 14:42:31,307[0;39m [32m[INFO][0;39m org.apache.catalina.core.StandardService Thread-14 [32mStopping service [Tomcat]
[0;39m[31m2024-03-29 14:42:31,307[0;39m [32m[INFO][0;39m org.apache.catalina.core.ContainerBase.[Tomcat].[localhost].[/] Thread-14 [32mDestroying Spring FrameworkServlet 'dispatcherServlet'
[0;39m[31m2024-03-29 14:42:31,316[0;39m [32m[INFO][0;39m org.apache.catalina.core.ContainerBase.[Tomcat].[localhost].[/] Thread-14 [32mDestroying Spring FrameworkServlet 'messageDispatcherServlet'
[0;39m[31m2024-03-29 14:42:31,348[0;39m [32m[INFO][0;39m com.zaxxer.hikari.HikariDataSource Thread-14 [32mHikariPool-1 - Shutdown initiated...
[0;39m[31m2024-03-29 14:42:31,364[0;39m [32m[INFO][0;39m com.zaxxer.hikari.HikariDataSource Thread-14 [32mHikariPool-1 - Shutdown completed.
[0;39m[31m2024-03-29 14:42:34,664[0;39m [32m[INFO][0;39m com.example.demo.Application restartedMain [32mStarting Application using Java 1.8.0_292 on WPF45DE29 with PID 21124 (C:\DLTE-JavaFullStack-RakeshKumarS-2024\DLTE-Spring\Tasks\DLTE-Spring-008\target\classes started by xxshetur in C:\DLTE-JavaFullStack-RakeshKumarS-2024\DLTE-Spring\Tasks\DLTE-Spring-008)
[0;39m[31m2024-03-29 14:42:34,664[0;39m [32m[INFO][0;39m com.example.demo.Application restartedMain [32mNo active profile set, falling back to 1 default profile: "default"
[0;39m[31m2024-03-29 14:42:35,140[0;39m [32m[INFO][0;39m org.springframework.data.repository.config.RepositoryConfigurationDelegate restartedMain [32mBootstrapping Spring Data JDBC repositories in DEFAULT mode.
[0;39m[31m2024-03-29 14:42:35,141[0;39m [32m[INFO][0;39m org.springframework.data.repository.config.RepositoryConfigurationDelegate restartedMain [32mFinished Spring Data repository scanning in 3 ms. Found 0 JDBC repository interfaces.
[0;39m[31m2024-03-29 14:42:35,218[0;39m [32m[INFO][0;39m org.springframework.context.support.PostProcessorRegistrationDelegate$BeanPostProcessorChecker restartedMain [32mBean 'soapServiceConfiguration' of type [com.example.demo.configs.SoapServiceConfiguration$$EnhancerBySpringCGLIB$$307faa2e] is not eligible for getting processed by all BeanPostProcessors (for example: not eligible for auto-proxying)
[0;39m[31m2024-03-29 14:42:35,218[0;39m [32m[INFO][0;39m org.springframework.context.support.PostProcessorRegistrationDelegate$BeanPostProcessorChecker restartedMain [32mBean 'org.springframework.ws.config.annotation.DelegatingWsConfiguration' of type [org.springframework.ws.config.annotation.DelegatingWsConfiguration$$EnhancerBySpringCGLIB$$6c327085] is not eligible for getting processed by all BeanPostProcessors (for example: not eligible for auto-proxying)
[0;39m[31m2024-03-29 14:42:35,218[0;39m [32m[INFO][0;39m org.springframework.ws.soap.addressing.server.AnnotationActionEndpointMapping restartedMain [32mSupporting [WS-Addressing August 2004, WS-Addressing 1.0]
[0;39m[31m2024-03-29 14:42:35,359[0;39m [32m[INFO][0;39m org.springframework.boot.web.embedded.tomcat.TomcatWebServer restartedMain [32mTomcat initialized with port(s): 8082 (http)
[0;39m[31m2024-03-29 14:42:35,360[0;39m [32m[INFO][0;39m org.apache.catalina.core.StandardService restartedMain [32mStarting service [Tomcat]
[0;39m[31m2024-03-29 14:42:35,360[0;39m [32m[INFO][0;39m org.apache.catalina.core.StandardEngine restartedMain [32mStarting Servlet engine: [Apache Tomcat/9.0.73]
[0;39m[31m2024-03-29 14:42:35,439[0;39m [32m[INFO][0;39m org.apache.catalina.core.ContainerBase.[Tomcat-1].[localhost].[/] restartedMain [32mInitializing Spring embedded WebApplicationContext
[0;39m[31m2024-03-29 14:42:35,439[0;39m [32m[INFO][0;39m org.springframework.boot.web.servlet.context.ServletWebServerApplicationContext restartedMain [32mRoot WebApplicationContext: initialization completed in 758 ms
[0;39m[31m2024-03-29 14:42:36,002[0;39m [32m[INFO][0;39m com.zaxxer.hikari.HikariDataSource restartedMain [32mHikariPool-2 - Starting...
[0;39m[31m2024-03-29 14:42:36,006[0;39m [32m[WARN][0;39m com.zaxxer.hikari.util.DriverDataSource restartedMain [32mRegistered driver with driverClassName=oracle.jdbc.driver.OracleDriver was not found, trying direct instantiation.
[0;39m[31m2024-03-29 14:42:36,086[0;39m [32m[INFO][0;39m com.zaxxer.hikari.pool.PoolBase restartedMain [32mHikariPool-2 - Driver does not support get/set network timeout for connections. (oracle.jdbc.driver.T4CConnection.getNetworkTimeout()I)
[0;39m[31m2024-03-29 14:42:36,086[0;39m [32m[INFO][0;39m com.zaxxer.hikari.HikariDataSource restartedMain [32mHikariPool-2 - Start completed.
[0;39m[31m2024-03-29 14:42:36,134[0;39m [32m[INFO][0;39m org.springframework.boot.devtools.autoconfigure.OptionalLiveReloadServer restartedMain [32mLiveReload server is running on port 35729
[0;39m[31m2024-03-29 14:42:36,159[0;39m [32m[INFO][0;39m org.springframework.boot.web.embedded.tomcat.TomcatWebServer restartedMain [32mTomcat started on port(s): 8082 (http) with context path ''
[0;39m[31m2024-03-29 14:42:36,167[0;39m [32m[INFO][0;39m com.example.demo.Application restartedMain [32mStarted Application in 1.562 seconds (JVM running for 490.36)
[0;39m[31m2024-03-29 14:42:36,170[0;39m [32m[INFO][0;39m org.springframework.boot.devtools.autoconfigure.ConditionEvaluationDeltaLoggingListener restartedMain [32mCondition evaluation unchanged
[0;39m[31m2024-03-29 14:42:59,001[0;39m [32m[INFO][0;39m org.springframework.boot.devtools.autoconfigure.LocalDevToolsAutoConfiguration$RestartingClassPathChangeChangedEventListener File Watcher [32mRestarting due to 16 class path changes (0 additions, 16 deletions, 0 modifications)
[0;39m[31m2024-03-29 14:42:59,223[0;39m [32m[INFO][0;39m org.apache.catalina.core.StandardService Thread-26 [32mStopping service [Tomcat]
[0;39m[31m2024-03-29 14:42:59,239[0;39m [32m[INFO][0;39m com.zaxxer.hikari.HikariDataSource Thread-26 [32mHikariPool-2 - Shutdown initiated...
[0;39m[31m2024-03-29 14:42:59,248[0;39m [32m[INFO][0;39m com.zaxxer.hikari.HikariDataSource Thread-26 [32mHikariPool-2 - Shutdown completed.
[0;39m[31m2024-03-29 14:43:02,286[0;39m [32m[INFO][0;39m com.example.demo.Application restartedMain [32mStarting Application using Java 1.8.0_292 on WPF45DE29 with PID 21124 (C:\DLTE-JavaFullStack-RakeshKumarS-2024\DLTE-Spring\Tasks\DLTE-Spring-008\target\classes started by xxshetur in C:\DLTE-JavaFullStack-RakeshKumarS-2024\DLTE-Spring\Tasks\DLTE-Spring-008)
[0;39m[31m2024-03-29 14:43:02,286[0;39m [32m[INFO][0;39m com.example.demo.Application restartedMain [32mNo active profile set, falling back to 1 default profile: "default"
[0;39m[31m2024-03-29 14:43:02,617[0;39m [32m[INFO][0;39m org.springframework.data.repository.config.RepositoryConfigurationDelegate restartedMain [32mBootstrapping Spring Data JDBC repositories in DEFAULT mode.
[0;39m[31m2024-03-29 14:43:02,617[0;39m [32m[INFO][0;39m org.springframework.data.repository.config.RepositoryConfigurationDelegate restartedMain [32mFinished Spring Data repository scanning in 3 ms. Found 0 JDBC repository interfaces.
[0;39m[31m2024-03-29 14:43:02,664[0;39m [32m[INFO][0;39m org.springframework.context.support.PostProcessorRegistrationDelegate$BeanPostProcessorChecker restartedMain [32mBean 'soapServiceConfiguration' of type [com.example.demo.configs.SoapServiceConfiguration$$EnhancerBySpringCGLIB$$307faa2e] is not eligible for getting processed by all BeanPostProcessors (for example: not eligible for auto-proxying)
[0;39m[31m2024-03-29 14:43:02,664[0;39m [32m[INFO][0;39m org.springframework.context.support.PostProcessorRegistrationDelegate$BeanPostProcessorChecker restartedMain [32mBean 'org.springframework.ws.config.annotation.DelegatingWsConfiguration' of type [org.springframework.ws.config.annotation.DelegatingWsConfiguration$$EnhancerBySpringCGLIB$$6c327085] is not eligible for getting processed by all BeanPostProcessors (for example: not eligible for auto-proxying)
[0;39m[31m2024-03-29 14:43:02,664[0;39m [32m[INFO][0;39m org.springframework.ws.soap.addressing.server.AnnotationActionEndpointMapping restartedMain [32mSupporting [WS-Addressing August 2004, WS-Addressing 1.0]
[0;39m[31m2024-03-29 14:43:02,775[0;39m [32m[INFO][0;39m org.springframework.boot.web.embedded.tomcat.TomcatWebServer restartedMain [32mTomcat initialized with port(s): 8082 (http)
[0;39m[31m2024-03-29 14:43:02,775[0;39m [32m[INFO][0;39m org.apache.catalina.core.StandardService restartedMain [32mStarting service [Tomcat]
[0;39m[31m2024-03-29 14:43:02,775[0;39m [32m[INFO][0;39m org.apache.catalina.core.StandardEngine restartedMain [32mStarting Servlet engine: [Apache Tomcat/9.0.73]
[0;39m[31m2024-03-29 14:43:02,790[0;39m [32m[INFO][0;39m org.apache.catalina.core.ContainerBase.[Tomcat-2].[localhost].[/] restartedMain [32mInitializing Spring embedded WebApplicationContext
[0;39m[31m2024-03-29 14:43:02,790[0;39m [32m[INFO][0;39m org.springframework.boot.web.servlet.context.ServletWebServerApplicationContext restartedMain [32mRoot WebApplicationContext: initialization completed in 490 ms
[0;39m[31m2024-03-29 14:43:02,980[0;39m [32m[INFO][0;39m com.zaxxer.hikari.HikariDataSource restartedMain [32mHikariPool-3 - Starting...
[0;39m[31m2024-03-29 14:43:02,980[0;39m [32m[WARN][0;39m com.zaxxer.hikari.util.DriverDataSource restartedMain [32mRegistered driver with driverClassName=oracle.jdbc.driver.OracleDriver was not found, trying direct instantiation.
[0;39m[31m2024-03-29 14:43:03,012[0;39m [32m[INFO][0;39m com.zaxxer.hikari.pool.PoolBase restartedMain [32mHikariPool-3 - Driver does not support get/set network timeout for connections. (oracle.jdbc.driver.T4CConnection.getNetworkTimeout()I)
[0;39m[31m2024-03-29 14:43:03,012[0;39m [32m[INFO][0;39m com.zaxxer.hikari.HikariDataSource restartedMain [32mHikariPool-3 - Start completed.
[0;39m[31m2024-03-29 14:43:03,027[0;39m [32m[INFO][0;39m org.springframework.boot.devtools.autoconfigure.OptionalLiveReloadServer restartedMain [32mLiveReload server is running on port 35729
[0;39m[31m2024-03-29 14:43:03,054[0;39m [32m[INFO][0;39m org.springframework.boot.web.embedded.tomcat.TomcatWebServer restartedMain [32mTomcat started on port(s): 8082 (http) with context path ''
[0;39m[31m2024-03-29 14:43:03,061[0;39m [32m[INFO][0;39m com.example.demo.Application restartedMain [32mStarted Application in 0.83 seconds (JVM running for 517.257)
[0;39m[31m2024-03-29 14:43:03,061[0;39m [32m[INFO][0;39m org.springframework.boot.devtools.autoconfigure.ConditionEvaluationDeltaLoggingListener restartedMain [32mCondition evaluation unchanged
[0;39m[31m2024-03-29 14:43:04,622[0;39m [32m[INFO][0;39m com.example.demo.ApplicationTests main [32mStarting ApplicationTests using Java 1.8.0_292 on WPF45DE29 with PID 25132 (started by xxshetur in C:\DLTE-JavaFullStack-RakeshKumarS-2024\DLTE-Spring\Tasks\DLTE-Spring-008)
[0;39m[31m2024-03-29 14:43:04,622[0;39m [32m[INFO][0;39m com.example.demo.ApplicationTests main [32mNo active profile set, falling back to 1 default profile: "default"
[0;39m[31m2024-03-29 14:43:05,681[0;39m [32m[INFO][0;39m org.springframework.data.repository.config.RepositoryConfigurationDelegate main [32mBootstrapping Spring Data JDBC repositories in DEFAULT mode.
[0;39m[31m2024-03-29 14:43:05,696[0;39m [32m[INFO][0;39m org.springframework.data.repository.config.RepositoryConfigurationDelegate main [32mFinished Spring Data repository scanning in 14 ms. Found 0 JDBC repository interfaces.
[0;39m[31m2024-03-29 14:43:06,062[0;39m [32m[INFO][0;39m org.springframework.context.support.PostProcessorRegistrationDelegate$BeanPostProcessorChecker main [32mBean 'soapServiceConfiguration' of type [com.example.demo.configs.SoapServiceConfiguration$$EnhancerBySpringCGLIB$$2c70c2c3] is not eligible for getting processed by all BeanPostProcessors (for example: not eligible for auto-proxying)
[0;39m[31m2024-03-29 14:43:06,062[0;39m [32m[INFO][0;39m org.springframework.context.support.PostProcessorRegistrationDelegate$BeanPostProcessorChecker main [32mBean 'org.springframework.ws.config.annotation.DelegatingWsConfiguration' of type [org.springframework.ws.config.annotation.DelegatingWsConfiguration$$EnhancerBySpringCGLIB$$6823891a] is not eligible for getting processed by all BeanPostProcessors (for example: not eligible for auto-proxying)
[0;39m[31m2024-03-29 14:43:06,158[0;39m [32m[INFO][0;39m org.springframework.ws.soap.addressing.server.AnnotationActionEndpointMapping main [32mSupporting [WS-Addressing August 2004, WS-Addressing 1.0]
[0;39m[31m2024-03-29 14:43:08,167[0;39m [32m[INFO][0;39m com.zaxxer.hikari.HikariDataSource main [32mHikariPool-1 - Starting...
[0;39m[31m2024-03-29 14:43:08,184[0;39m [32m[WARN][0;39m com.zaxxer.hikari.util.DriverDataSource main [32mRegistered driver with driverClassName=oracle.jdbc.driver.OracleDriver was not found, trying direct instantiation.
[0;39m[31m2024-03-29 14:43:08,735[0;39m [32m[INFO][0;39m com.zaxxer.hikari.pool.PoolBase main [32mHikariPool-1 - Driver does not support get/set network timeout for connections. (oracle.jdbc.driver.T4CConnection.getNetworkTimeout()I)
[0;39m[31m2024-03-29 14:43:08,752[0;39m [32m[INFO][0;39m com.zaxxer.hikari.HikariDataSource main [32mHikariPool-1 - Start completed.
[0;39m[31m2024-03-29 14:43:09,215[0;39m [32m[INFO][0;39m com.example.demo.ApplicationTests main [32mStarted ApplicationTests in 5.199 seconds (JVM running for 7.104)
[0;39m[31m2024-03-29 14:43:09,763[0;39m [32m[INFO][0;39m com.zaxxer.hikari.HikariDataSource SpringApplicationShutdownHook [32mHikariPool-1 - Shutdown initiated...
[0;39m[31m2024-03-29 14:43:09,778[0;39m [32m[INFO][0;39m com.zaxxer.hikari.HikariDataSource SpringApplicationShutdownHook [32mHikariPool-1 - Shutdown completed.
[0;39m[31m2024-03-29 15:03:35,976[0;39m [32m[WARN][0;39m com.zaxxer.hikari.pool.HikariPool HikariPool-3 housekeeper [32mHikariPool-3 - Thread starvation or clock leap detected (housekeeper delta=2m32s526ms375µs600ns).
[0;39m[31m2024-03-29 15:19:45,046[0;39m [32m[INFO][0;39m com.example.demo.ApplicationTests main [32mStarting ApplicationTests using Java 1.8.0_292 on WPF45DE29 with PID 21616 (started by xxshetur in C:\DLTE-JavaFullStack-RakeshKumarS-2024\DLTE-Spring\Tasks\DLTE-Spring-008)
[0;39m[31m2024-03-29 15:19:45,046[0;39m [32m[INFO][0;39m com.example.demo.ApplicationTests main [32mNo active profile set, falling back to 1 default profile: "default"
[0;39m[31m2024-03-29 15:19:46,135[0;39m [32m[INFO][0;39m org.springframework.data.repository.config.RepositoryConfigurationDelegate main [32mBootstrapping Spring Data JDBC repositories in DEFAULT mode.
[0;39m[31m2024-03-29 15:19:46,151[0;39m [32m[INFO][0;39m org.springframework.data.repository.config.RepositoryConfigurationDelegate main [32mFinished Spring Data repository scanning in 11 ms. Found 0 JDBC repository interfaces.
[0;39m[31m2024-03-29 15:19:46,544[0;39m [32m[INFO][0;39m org.springframework.context.support.PostProcessorRegistrationDelegate$BeanPostProcessorChecker main [32mBean 'soapServiceConfiguration' of type [com.example.demo.configs.SoapServiceConfiguration$$EnhancerBySpringCGLIB$$2c70c2c3] is not eligible for getting processed by all BeanPostProcessors (for example: not eligible for auto-proxying)
[0;39m[31m2024-03-29 15:19:46,544[0;39m [32m[INFO][0;39m org.springframework.context.support.PostProcessorRegistrationDelegate$BeanPostProcessorChecker main [32mBean 'org.springframework.ws.config.annotation.DelegatingWsConfiguration' of type [org.springframework.ws.config.annotation.DelegatingWsConfiguration$$EnhancerBySpringCGLIB$$6823891a] is not eligible for getting processed by all BeanPostProcessors (for example: not eligible for auto-proxying)
[0;39m[31m2024-03-29 15:19:46,640[0;39m [32m[INFO][0;39m org.springframework.ws.soap.addressing.server.AnnotationActionEndpointMapping main [32mSupporting [WS-Addressing August 2004, WS-Addressing 1.0]
[0;39m[31m2024-03-29 15:19:48,770[0;39m [32m[INFO][0;39m com.zaxxer.hikari.HikariDataSource main [32mHikariPool-1 - Starting...
[0;39m[31m2024-03-29 15:19:48,770[0;39m [32m[WARN][0;39m com.zaxxer.hikari.util.DriverDataSource main [32mRegistered driver with driverClassName=oracle.jdbc.driver.OracleDriver was not found, trying direct instantiation.
[0;39m[31m2024-03-29 15:19:49,356[0;39m [32m[INFO][0;39m com.zaxxer.hikari.pool.PoolBase main [32mHikariPool-1 - Driver does not support get/set network timeout for connections. (oracle.jdbc.driver.T4CConnection.getNetworkTimeout()I)
[0;39m[31m2024-03-29 15:19:49,356[0;39m [32m[INFO][0;39m com.zaxxer.hikari.HikariDataSource main [32mHikariPool-1 - Start completed.
[0;39m[31m2024-03-29 15:19:49,802[0;39m [32m[INFO][0;39m com.example.demo.ApplicationTests main [32mStarted ApplicationTests in 5.368 seconds (JVM running for 7.244)
[0;39m[31m2024-03-29 15:19:50,444[0;39m [32m[INFO][0;39m com.zaxxer.hikari.HikariDataSource SpringApplicationShutdownHook [32mHikariPool-1 - Shutdown initiated...
[0;39m[31m2024-03-29 15:19:50,459[0;39m [32m[INFO][0;39m com.zaxxer.hikari.HikariDataSource SpringApplicationShutdownHook [32mHikariPool-1 - Shutdown completed.
[0;39m[31m2024-03-29 15:26:03,466[0;39m [32m[INFO][0;39m com.example.demo.ApplicationTests main [32mStarting ApplicationTests using Java 1.8.0_292 on WPF45DE29 with PID 11472 (started by xxshetur in C:\DLTE-JavaFullStack-RakeshKumarS-2024\DLTE-Spring\Tasks\DLTE-Spring-008)
[0;39m[31m2024-03-29 15:26:03,466[0;39m [32m[INFO][0;39m com.example.demo.ApplicationTests main [32mNo active profile set, falling back to 1 default profile: "default"
[0;39m[31m2024-03-29 15:26:04,525[0;39m [32m[INFO][0;39m org.springframework.data.repository.config.RepositoryConfigurationDelegate main [32mBootstrapping Spring Data JDBC repositories in DEFAULT mode.
[0;39m[31m2024-03-29 15:26:04,556[0;39m [32m[INFO][0;39m org.springframework.data.repository.config.RepositoryConfigurationDelegate main [32mFinished Spring Data repository scanning in 20 ms. Found 0 JDBC repository interfaces.
[0;39m[31m2024-03-29 15:26:04,936[0;39m [32m[INFO][0;39m org.springframework.context.support.PostProcessorRegistrationDelegate$BeanPostProcessorChecker main [32mBean 'soapServiceConfiguration' of type [com.example.demo.configs.SoapServiceConfiguration$$EnhancerBySpringCGLIB$$78386b9c] is not eligible for getting processed by all BeanPostProcessors (for example: not eligible for auto-proxying)
[0;39m[31m2024-03-29 15:26:04,936[0;39m [32m[INFO][0;39m org.springframework.context.support.PostProcessorRegistrationDelegate$BeanPostProcessorChecker main [32mBean 'org.springframework.ws.config.annotation.DelegatingWsConfiguration' of type [org.springframework.ws.config.annotation.DelegatingWsConfiguration$$EnhancerBySpringCGLIB$$b3eb31f3] is not eligible for getting processed by all BeanPostProcessors (for example: not eligible for auto-proxying)
[0;39m[31m2024-03-29 15:26:05,020[0;39m [32m[INFO][0;39m org.springframework.ws.soap.addressing.server.AnnotationActionEndpointMapping main [32mSupporting [WS-Addressing August 2004, WS-Addressing 1.0]
[0;39m[31m2024-03-29 15:26:07,241[0;39m [32m[INFO][0;39m com.zaxxer.hikari.HikariDataSource main [32mHikariPool-1 - Starting...
[0;39m[31m2024-03-29 15:26:07,265[0;39m [32m[WARN][0;39m com.zaxxer.hikari.util.DriverDataSource main [32mRegistered driver with driverClassName=oracle.jdbc.driver.OracleDriver was not found, trying direct instantiation.
[0;39m[31m2024-03-29 15:26:07,888[0;39m [32m[INFO][0;39m com.zaxxer.hikari.pool.PoolBase main [32mHikariPool-1 - Driver does not support get/set network timeout for connections. (oracle.jdbc.driver.T4CConnection.getNetworkTimeout()I)
[0;39m[31m2024-03-29 15:26:07,904[0;39m [32m[INFO][0;39m com.zaxxer.hikari.HikariDataSource main [32mHikariPool-1 - Start completed.
[0;39m[31m2024-03-29 15:26:08,456[0;39m [32m[INFO][0;39m com.example.demo.ApplicationTests main [32mStarted ApplicationTests in 5.579 seconds (JVM running for 7.729)
[0;39m[31m2024-03-29 15:26:08,946[0;39m [32m[INFO][0;39m com.zaxxer.hikari.HikariDataSource SpringApplicationShutdownHook [32mHikariPool-1 - Shutdown initiated...
[0;39m[31m2024-03-29 15:26:08,960[0;39m [32m[INFO][0;39m com.zaxxer.hikari.HikariDataSource SpringApplicationShutdownHook [32mHikariPool-1 - Shutdown completed.
[0;39m[31m2024-03-29 15:27:05,623[0;39m [32m[INFO][0;39m com.example.demo.Application restartedMain [32mStarting Application using Java 1.8.0_292 on WPF45DE29 with PID 29260 (C:\DLTE-JavaFullStack-RakeshKumarS-2024\DLTE-Spring\Tasks\DLTE-Spring-008\target\classes started by xxshetur in C:\DLTE-JavaFullStack-RakeshKumarS-2024\DLTE-Spring\Tasks\DLTE-Spring-008)
[0;39m[31m2024-03-29 15:27:05,623[0;39m [32m[INFO][0;39m com.example.demo.Application restartedMain [32mNo active profile set, falling back to 1 default profile: "default"
[0;39m[31m2024-03-29 15:27:05,686[0;39m [32m[INFO][0;39m org.springframework.boot.devtools.restart.ChangeableUrls restartedMain [32mThe Class-Path manifest attribute in C:\Users\xxshetur\.m2\repository\com\oracle\database\security\oraclepki\21.5.0.0\oraclepki-21.5.0.0.jar referenced one or more files that do not exist: file:/C:/Users/xxshetur/.m2/repository/com/oracle/database/security/oraclepki/21.5.0.0/osdt_core.jar,file:/C:/Users/xxshetur/.m2/repository/com/oracle/database/security/oraclepki/21.5.0.0/osdt_cert.jar,file:/C:/Users/xxshetur/.m2/repository/com/oracle/database/security/oraclepki/oracle.osdt/osdt_core.jar,file:/C:/Users/xxshetur/.m2/repository/com/oracle/database/security/oraclepki/oracle.osdt/osdt_cert.jar
[0;39m[31m2024-03-29 15:27:05,686[0;39m [32m[INFO][0;39m org.springframework.boot.devtools.env.DevToolsPropertyDefaultsPostProcessor restartedMain [32mDevtools property defaults active! Set 'spring.devtools.add-properties' to 'false' to disable
[0;39m[31m2024-03-29 15:27:05,686[0;39m [32m[INFO][0;39m org.springframework.boot.devtools.env.DevToolsPropertyDefaultsPostProcessor restartedMain [32mFor additional web related logging consider setting the 'logging.level.web' property to 'DEBUG'
[0;39m[31m2024-03-29 15:27:06,551[0;39m [32m[INFO][0;39m org.springframework.data.repository.config.RepositoryConfigurationDelegate restartedMain [32mBootstrapping Spring Data JDBC repositories in DEFAULT mode.
[0;39m[31m2024-03-29 15:27:06,583[0;39m [32m[INFO][0;39m org.springframework.data.repository.config.RepositoryConfigurationDelegate restartedMain [32mFinished Spring Data repository scanning in 15 ms. Found 0 JDBC repository interfaces.
[0;39m[31m2024-03-29 15:27:06,915[0;39m [32m[INFO][0;39m org.springframework.context.support.PostProcessorRegistrationDelegate$BeanPostProcessorChecker restartedMain [32mBean 'soapServiceConfiguration' of type [com.example.demo.configs.SoapServiceConfiguration$$EnhancerBySpringCGLIB$$4c7f435b] is not eligible for getting processed by all BeanPostProcessors (for example: not eligible for auto-proxying)
[0;39m[31m2024-03-29 15:27:06,915[0;39m [32m[INFO][0;39m org.springframework.context.support.PostProcessorRegistrationDelegate$BeanPostProcessorChecker restartedMain [32mBean 'org.springframework.ws.config.annotation.DelegatingWsConfiguration' of type [org.springframework.ws.config.annotation.DelegatingWsConfiguration$$EnhancerBySpringCGLIB$$883209b2] is not eligible for getting processed by all BeanPostProcessors (for example: not eligible for auto-proxying)
[0;39m[31m2024-03-29 15:27:06,993[0;39m [32m[INFO][0;39m org.springframework.ws.soap.addressing.server.AnnotationActionEndpointMapping restartedMain [32mSupporting [WS-Addressing August 2004, WS-Addressing 1.0]
[0;39m[31m2024-03-29 15:27:07,482[0;39m [32m[INFO][0;39m org.springframework.boot.web.embedded.tomcat.TomcatWebServer restartedMain [32mTomcat initialized with port(s): 8082 (http)
[0;39m[31m2024-03-29 15:27:07,482[0;39m [32m[INFO][0;39m org.apache.catalina.core.StandardService restartedMain [32mStarting service [Tomcat]
[0;39m[31m2024-03-29 15:27:07,499[0;39m [32m[INFO][0;39m org.apache.catalina.core.StandardEngine restartedMain [32mStarting Servlet engine: [Apache Tomcat/9.0.73]
[0;39m[31m2024-03-29 15:27:07,710[0;39m [32m[INFO][0;39m org.apache.catalina.core.ContainerBase.[Tomcat].[localhost].[/] restartedMain [32mInitializing Spring embedded WebApplicationContext
[0;39m[31m2024-03-29 15:27:07,738[0;39m [32m[INFO][0;39m org.springframework.boot.web.servlet.context.ServletWebServerApplicationContext restartedMain [32mRoot WebApplicationContext: initialization completed in 2052 ms
[0;39m[31m2024-03-29 15:27:08,538[0;39m [32m[INFO][0;39m com.zaxxer.hikari.HikariDataSource restartedMain [32mHikariPool-1 - Starting...
[0;39m[31m2024-03-29 15:27:08,538[0;39m [32m[WARN][0;39m com.zaxxer.hikari.util.DriverDataSource restartedMain [32mRegistered driver with driverClassName=oracle.jdbc.driver.OracleDriver was not found, trying direct instantiation.
[0;39m[31m2024-03-29 15:27:08,649[0;39m [32m[INFO][0;39m com.zaxxer.hikari.pool.PoolBase restartedMain [32mHikariPool-1 - Driver does not support get/set network timeout for connections. (oracle.jdbc.driver.T4CConnection.getNetworkTimeout()I)
[0;39m[31m2024-03-29 15:27:08,649[0;39m [32m[INFO][0;39m com.zaxxer.hikari.HikariDataSource restartedMain [32mHikariPool-1 - Start completed.
[0;39m[31m2024-03-29 15:27:08,869[0;39m [32m[INFO][0;39m org.springframework.boot.devtools.autoconfigure.OptionalLiveReloadServer restartedMain [32mLiveReload server is running on port 35729
[0;39m[31m2024-03-29 15:27:08,918[0;39m [32m[INFO][0;39m org.springframework.boot.web.embedded.tomcat.TomcatWebServer restartedMain [32mTomcat started on port(s): 8082 (http) with context path ''
[0;39m[31m2024-03-29 15:27:08,932[0;39m [32m[INFO][0;39m com.example.demo.Application restartedMain [32mStarted Application in 3.958 seconds (JVM running for 5.614)
[0;39m[31m2024-03-29 15:27:19,744[0;39m [32m[INFO][0;39m org.apache.catalina.core.ContainerBase.[Tomcat].[localhost].[/] http-nio-8082-exec-1 [32mInitializing Spring MessageDispatcherServlet 'messageDispatcherServlet'
[0;39m[31m2024-03-29 15:27:19,744[0;39m [32m[INFO][0;39m org.springframework.ws.transport.http.MessageDispatcherServlet http-nio-8082-exec-1 [32mInitializing Servlet 'messageDispatcherServlet'
[0;39m[31m2024-03-29 15:27:19,744[0;39m [32m[INFO][0;39m org.springframework.ws.soap.saaj.SaajSoapMessageFactory http-nio-8082-exec-1 [32mCreating SAAJ 1.3 MessageFactory with SOAP 1.1 Protocol
[0;39m[31m2024-03-29 15:27:19,744[0;39m [32m[INFO][0;39m org.springframework.ws.transport.http.MessageDispatcherServlet http-nio-8082-exec-1 [32mCompleted initialization in 0 ms
[0;39m