16:37:07.705 [34m[main][0;39m INFO  org.example.UserFileRepository - [34msanathNew User saved successfully[0;39m 
16:37:41.520 [34m[main][0;39m INFO  org.example.UserFileRepository - [34msanathno such user available[0;39m 
16:38:56.849 [34m[main][0;39m INFO  org.example.UserFileRepository - [34msanathno such user available[0;39m 
16:39:39.356 [34m[main][0;39m INFO  org.example.UserFileRepository - [34msanathno such user available[0;39m 
17:52:30.143 [34m[main][0;39m INFO  org.example.App - [34mLogged In successfully!!![0;39m 
17:52:35.195 [34m[main][0;39m INFO  org.example.App - [34mLogged In successfully!!![0;39m 
17:53:16.958 [34m[main][0;39m INFO  org.example.App - [34mLogged In successfully!!![0;39m 
17:58:39.485 [34m[main][0;39m INFO  org.example.App - [34mLogged In successfully!!![0;39m 
17:59:19.759 [34m[main][0;39m INFO  org.example.App - [34mLogged In successfully!!![0;39m 
17:59:21.927 [34m[main][0;39m INFO  org.example.App - [34mLogged In successfully!!![0;39m 
17:59:25.886 [34m[main][0;39m INFO  org.example.App - [34mLogged In successfully!!![0;39m 
18:03:54.952 [34m[main][0;39m INFO  org.example.App - [34mLogged In successfully!!![0;39m 
18:06:10.918 [34m[main][0;39m INFO  org.example.App - [34mLogged In successfully!!![0;39m 
18:06:17.675 [34m[main][0;39m INFO  org.example.App - [34mPassword correct[0;39m 
22:03:55.811 [34m[main][0;39m INFO  org.example.App - [34mLogged In successfully!!![0;39m 
22:06:03.607 [34m[main][0;39m INFO  org.example.App - [34mLogged In successfully!!![0;39m 
22:06:09.268 [34m[main][0;39m INFO  org.example.App - [34mLogged In successfully!!![0;39m 
22:06:12.747 [34m[main][0;39m INFO  org.example.App - [34mLogged In successfully!!![0;39m 
22:06:15.365 [34m[main][0;39m INFO  org.example.App - [34mLogged In successfully!!![0;39m 
22:17:16.512 [34m[main][0;39m INFO  org.example.App - [34mIncorrect password[0;39m 
22:18:55.544 [34m[main][0;39m INFO  org.example.App - [34mIncorrect password[0;39m 
22:19:29.344 [34m[main][0;39m INFO  org.example.App - [34mIncorrect password[0;39m 
22:19:31.840 [34m[main][0;39m INFO  org.example.App - [34mIncorrect password[0;39m 
22:19:34.607 [34m[main][0;39m INFO  org.example.App - [34mIncorrect password[0;39m 
22:19:36.745 [34m[main][0;39m INFO  org.example.App - [34mIncorrect password[0;39m 
22:19:38.677 [34m[main][0;39m INFO  org.example.App - [34mIncorrect password[0;39m 
22:19:38.677 [31m[main][0;39m WARN  org.example.App - [31mReached maximum attempte.......blocked your account!![0;39m 
22:20:26.211 [34m[main][0;39m INFO  org.example.App - [34mIncorrect password[0;39m 
22:20:35.044 [34m[main][0;39m INFO  org.example.App - [34mIncorrect password[0;39m 
22:20:46.715 [34m[main][0;39m INFO  org.example.App - [34mIncorrect password[0;39m 
22:20:50.464 [34m[main][0;39m INFO  org.example.App - [34mIncorrect password[0;39m 
22:24:24.453 [34m[main][0;39m INFO  org.example.App - [34mIncorrect password[0;39m 
22:24:24.453 [31m[main][0;39m WARN  org.example.App - [31mReached maximum attempte.......blocked your account!![0;39m 
22:24:33.742 [34m[main][0;39m INFO  org.example.App - [34mIncorrect password[0;39m 
22:25:03.780 [34m[main][0;39m INFO  org.example.App - [34mIncorrect password[0;39m 
22:25:06.893 [34m[main][0;39m INFO  org.example.App - [34mIncorrect password[0;39m 
22:25:09.059 [34m[main][0;39m INFO  org.example.App - [34mIncorrect password[0;39m 
22:25:14.589 [34m[main][0;39m INFO  org.example.App - [34mIncorrect password[0;39m 
22:25:14.589 [31m[main][0;39m WARN  org.example.App - [31mReached maximum attempte.......blocked your account!![0;39m 
22:30:26.103 [34m[main][0;39m INFO  org.example.App - [34mIncorrect password[0;39m 
07:46:28.749 [34m[main][0;39m INFO  org.example.App - [34mIncorrect password[0;39m 
07:46:36.948 [34m[main][0;39m INFO  org.example.App - [34mIncorrect password[0;39m 
07:46:39.895 [34m[main][0;39m INFO  org.example.App - [34mIncorrect password[0;39m 
07:46:45.675 [34m[main][0;39m INFO  org.example.App - [34mIncorrect password[0;39m 
07:46:48.527 [34m[main][0;39m INFO  org.example.App - [34mIncorrect password[0;39m 
07:46:48.527 [31m[main][0;39m WARN  org.example.App - [31mReached maximum attempte.......blocked your account!![0;39m 
09:21:58.126 [34m[main][0;39m INFO  org.example.App - [34mIncorrect password[0;39m 
09:24:42.438 [34m[main][0;39m INFO  org.example.App - [34mIncorrect password[0;39m 
10:55:20.118 [34m[main][0;39m INFO  org.example.App - [34mIncorrect password[0;39m 
09:49:50.421 [34m[main][0;39m INFO  org.example.App - [34mIncorrect password[0;39m 
09:49:53.201 [34m[main][0;39m INFO  org.example.App - [34mIncorrect password[0;39m 
09:54:24.685 [34m[main][0;39m INFO  org.example.App - [34mPassword correct[0;39m 
09:59:34.484 [31m[main][0;39m WARN  org.example.App - [31mInvalid entry....entry properly[0;39m 
09:59:41.268 [31m[main][0;39m WARN  org.example.App - [31mInvalid entry....entry properly[0;39m 
10:01:00.719 [31m[main][0;39m WARN  org.example.App - [31mInvalid entry....entry properly[0;39m 
10:02:55.053 [31m[main][0;39m WARN  org.example.App - [31mInvalid entry....entry properly[0;39m 
10:14:11.585 [34m[main][0;39m INFO  org.example.App - [34mLogged In successfully!!![0;39m 
12:03:05.804 [34m[main][0;39m INFO  org.example.App - [34mLogged In successfully!!![0;39m 
12:03:08.980 [34m[main][0;39m INFO  org.example.App - [34mLogged In successfully!!![0;39m 
12:03:11.308 [34m[main][0;39m INFO  org.example.App - [34mLogged In successfully!!![0;39m 
12:03:12.905 [34m[main][0;39m INFO  org.example.App - [34mLogged In successfully!!![0;39m 
12:03:12.905 [31m[main][0;39m WARN  org.example.App - [31mReached maximum attempte.......blocked your account!![0;39m 
12:03:22.320 [34m[main][0;39m INFO  org.example.App - [34mLogged In successfully!!![0;39m 
17:55:41.200 [34m[main][0;39m INFO  org.example.App - [34mPassword correct[0;39m 
17:56:17.332 [34m[main][0;39m INFO  org.example.App - [34mLogged In successfully!!![0;39m 
17:56:23.090 [34m[main][0;39m INFO  org.example.App - [34mPassword correct[0;39m 
18:02:45.888 [34m[main][0;39m INFO  org.example.App - [34mPassword correct[0;39m 
18:03:00.660 [34m[main][0;39m INFO  org.example.App - [34mLogged In successfully!!![0;39m 
18:03:04.647 [34m[main][0;39m INFO  org.example.App - [34mLogged In successfully!!![0;39m 
18:03:06.563 [34m[main][0;39m INFO  org.example.App - [34mLogged In successfully!!![0;39m 
18:03:08.430 [34m[main][0;39m INFO  org.example.App - [34mLogged In successfully!!![0;39m 
18:03:09.827 [34m[main][0;39m INFO  org.example.App - [34mLogged In successfully!!![0;39m 
18:03:09.828 [31m[main][0;39m WARN  org.example.App - [31mReached maximum attempte.......blocked your account!![0;39m 
18:04:44.956 [34m[main][0;39m INFO  org.example.App - [34mPassword correct[0;39m 
14:01:04.122 [34m[main][0;39m INFO  org.example.App - [34mLogged In successfully!!![0;39m 
14:01:09.344 [34m[main][0;39m INFO  org.example.App - [34mLogged In successfully!!![0;39m 
14:01:11.854 [34m[main][0;39m INFO  org.example.App - [34mLogged In successfully!!![0;39m 
14:01:13.784 [34m[main][0;39m INFO  org.example.App - [34mLogged In successfully!!![0;39m 
14:01:17.064 [34m[main][0;39m INFO  org.example.App - [34mLogged In successfully!!![0;39m 
14:01:17.064 [31m[main][0;39m WARN  org.example.App - [31mReached maximum attempte.......blocked your account!![0;39m 
14:01:38.175 [34m[main][0;39m INFO  org.example.App - [34mLogged In successfully!!![0;39m 
14:01:44.648 [34m[main][0;39m INFO  org.example.App - [34mLogged In successfully!!![0;39m 
14:01:48.421 [34m[main][0;39m INFO  org.example.App - [34mLogged In successfully!!![0;39m 
14:01:51.650 [34m[main][0;39m INFO  org.example.App - [34mLogged In successfully!!![0;39m 
